2019-08-30 11:00:42,836 - INFO - Beginning execution of dms2_fracsurvive in directory /fh/fast/bloom_j/computational_notebooks/adingens/2019/MAP_118

2019-08-30 11:00:42,836 - INFO - Progress is being logged to ./results/fracsurviveaboveavg/3BNC117-4ug-rep2b.log
2019-08-30 11:00:42,844 - INFO - Version information:
	Time and date: Fri Aug 30 11:00:42 2019
	Platform: Linux-3.13.0-143-generic-x86_64-with-debian-jessie-sid
	Python version: 3.6.7 | packaged by conda-forge | (default, Feb 28 2019, 09:07:38)  [GCC 7.3.0]
	dms_tools2 version: 2.5.1
	Bio version: 1.73
	pandas version: 0.25.1
	numpy version: 1.16.4
	IPython version: 7.6.1
	jupyter version: 1.0.0
	matplotlib version: 3.1.1
	plotnine version: 0.6.0
	natsort version: 6.0.0
	pystan version: 2.16.0.0
	scipy version: 1.2.2
	seaborn version: 0.9.0
	phydmslib version: 2.3.3
	statsmodels version: 0.10.0
	rpy2 version: 2.9.4
	regex version: 2.5.33
	umi_tools version: 1.0.0

2019-08-30 11:00:42,844 - INFO - Parsed the following arguments:
	outdir = ./results/fracsurviveaboveavg
	ncpus = 2
	use_existing = yes
	indir = ./results/renumberedcounts
	chartype = codon_to_aa
	aboveavg = yes
	excludestop = yes
	pseudocount = 5.0
	mincount = 0
	name = 3BNC117-4ug-rep2b
	sel = mut-virus-rep2b-3BNC117-4ug
	mock = mut-virus-rep2b
	libfracsurvive = 0.022027114
	err = wt-DNA-rep2

2019-08-30 11:00:42,847 - INFO - Reading selected sample counts from mut-virus-rep2b-3BNC117-4ug
2019-08-30 11:00:42,869 - INFO - Reading mock-selected sample counts from mut-virus-rep2b
2019-08-30 11:00:42,882 - INFO - Reading error-control sample counts from wt-DNA-rep2
2019-08-30 11:00:42,894 - INFO - Computing fracsurvive for each mutation...
2019-08-30 11:00:42,894 - INFO - These are the fracsurvive **above** the library average of 0.022027114
2019-08-30 11:00:52,577 - INFO - Mutations with largest mutfracsurvive:
 site wildtype mutation  mutfracsurvive
  197        N        S            0.14
  318        Y        E            0.11
  154        L        H            0.10
  588        R        W            0.10
  197        N        T            0.09
  315        Q        I            0.09
 184b        E        D            0.09
  304        R        Y            0.09
  320        T        P            0.08
  312        G        S            0.08

2019-08-30 11:00:52,577 - INFO - Writing to ./results/fracsurviveaboveavg/3BNC117-4ug-rep2b_mutfracsurvive.csv
2019-08-30 11:00:52,619 - INFO - Computing sitefracsurvive...
2019-08-30 11:00:52,636 - INFO - Sites with largest avgfracsurvive:
site  avgfracsurvive  maxfracsurvive
 304            0.03            0.09
 318            0.02            0.11
 204            0.02            0.07
 207            0.02            0.07
 119            0.02            0.06
 316            0.01            0.06
 542            0.01            0.07
 320            0.01            0.08
 308            0.01            0.06
 326            0.01            0.05

2019-08-30 11:00:52,636 - INFO - Writing to ./results/fracsurviveaboveavg/3BNC117-4ug-rep2b_sitefracsurvive.csv
2019-08-30 11:00:52,643 - INFO - Successful completion of dms2_fracsurvive
