2019-08-30 11:00:44,202 - INFO - Beginning execution of dms2_fracsurvive in directory /fh/fast/bloom_j/computational_notebooks/adingens/2019/MAP_118

2019-08-30 11:00:44,202 - INFO - Progress is being logged to ./results/fracsurviveaboveavg/3BNC117-4ug-rep1b.log
2019-08-30 11:00:44,207 - INFO - Version information:
	Time and date: Fri Aug 30 11:00:44 2019
	Platform: Linux-3.13.0-143-generic-x86_64-with-debian-jessie-sid
	Python version: 3.6.7 | packaged by conda-forge | (default, Feb 28 2019, 09:07:38)  [GCC 7.3.0]
	dms_tools2 version: 2.5.1
	Bio version: 1.73
	pandas version: 0.25.1
	numpy version: 1.16.4
	IPython version: 7.6.1
	jupyter version: 1.0.0
	matplotlib version: 3.1.1
	plotnine version: 0.6.0
	natsort version: 6.0.0
	pystan version: 2.16.0.0
	scipy version: 1.2.2
	seaborn version: 0.9.0
	phydmslib version: 2.3.3
	statsmodels version: 0.10.0
	rpy2 version: 2.9.4
	regex version: 2.5.33
	umi_tools version: 1.0.0

2019-08-30 11:00:44,207 - INFO - Parsed the following arguments:
	outdir = ./results/fracsurviveaboveavg
	ncpus = 2
	use_existing = yes
	indir = ./results/renumberedcounts
	chartype = codon_to_aa
	aboveavg = yes
	excludestop = yes
	pseudocount = 5.0
	mincount = 0
	name = 3BNC117-4ug-rep1b
	sel = mut-virus-rep1b-3BNC117-4ug
	mock = mut-virus-rep1b
	libfracsurvive = 0.008765432
	err = wt-DNA-rep1

2019-08-30 11:00:44,210 - INFO - Reading selected sample counts from mut-virus-rep1b-3BNC117-4ug
2019-08-30 11:00:44,230 - INFO - Reading mock-selected sample counts from mut-virus-rep1b
2019-08-30 11:00:44,242 - INFO - Reading error-control sample counts from wt-DNA-rep1
2019-08-30 11:00:44,253 - INFO - Computing fracsurvive for each mutation...
2019-08-30 11:00:44,253 - INFO - These are the fracsurvive **above** the library average of 0.008765432
2019-08-30 11:00:53,816 - INFO - Mutations with largest mutfracsurvive:
site wildtype mutation  mutfracsurvive
 279        N        R            0.19
 156        N        R            0.18
 127        V        L            0.17
 197        N        S            0.15
 197        N        T            0.13
 154        L        R            0.10
 471        G        Q            0.10
 323        I        E            0.10
 318        Y        S            0.10
 162        T        E            0.10

2019-08-30 11:00:53,817 - INFO - Writing to ./results/fracsurviveaboveavg/3BNC117-4ug-rep1b_mutfracsurvive.csv
2019-08-30 11:00:53,859 - INFO - Computing sitefracsurvive...
2019-08-30 11:00:53,880 - INFO - Sites with largest avgfracsurvive:
site  avgfracsurvive  maxfracsurvive
 279            0.02            0.19
 318            0.02            0.10
 127            0.02            0.17
 197            0.01            0.15
 207            0.01            0.06
 182            0.01            0.09
 169            0.01            0.08
 471            0.01            0.10
 304            0.01            0.05
 156            0.01            0.18

2019-08-30 11:00:53,880 - INFO - Writing to ./results/fracsurviveaboveavg/3BNC117-4ug-rep1b_sitefracsurvive.csv
2019-08-30 11:00:53,887 - INFO - Successful completion of dms2_fracsurvive
