2019-09-17 15:51:06,490 - INFO - Beginning execution of dms2_batch_fracsurvive in directory /fh/fast/bloom_j/computational_notebooks/adingens/2019/MAP_118

2019-09-17 15:51:06,491 - INFO - Progress is being logged to ./results/fracsurviveaboveavg/summary.log
2019-09-17 15:51:06,497 - INFO - Version information:
	Time and date: Tue Sep 17 15:51:06 2019
	Platform: Linux-3.13.0-168-generic-x86_64-with-debian-jessie-sid
	Python version: 3.6.7 | packaged by conda-forge | (default, Feb 28 2019, 09:07:38)  [GCC 7.3.0]
	dms_tools2 version: 2.5.1
	Bio version: 1.73
	pandas version: 0.25.1
	numpy version: 1.16.4
	IPython version: 7.6.1
	jupyter version: 1.0.0
	matplotlib version: 3.1.1
	plotnine version: 0.6.0
	natsort version: 6.0.0
	pystan version: 2.16.0.0
	scipy version: 1.2.2
	seaborn version: 0.9.0
	phydmslib version: 2.3.3
	statsmodels version: 0.10.0
	rpy2 version: 2.9.4
	regex version: 2.5.33
	umi_tools version: 1.0.0

2019-09-17 15:51:06,497 - INFO - Parsed the following arguments:
	outdir = ./results/fracsurviveaboveavg
	ncpus = -1
	use_existing = yes
	indir = ./results/renumberedcounts
	chartype = codon_to_aa
	aboveavg = yes
	excludestop = yes
	pseudocount = 5
	mincount = 0
	batchfile = ./results/fracsurvive/batch.csv
	summaryprefix = summary

2019-09-17 15:51:06,497 - INFO - Parsing info from ./results/fracsurvive/batch.csv
2019-09-17 15:51:06,517 - INFO - Read the following sample information:
group,name,sel,mock,err,mds_names,libfracsurvive
118,4ug-rep2d,mut-virus-rep2d-118-4ug,mut-virus-rep2d,wt-DNA-rep2,118-4ug-rep2d,0.005177235
118,8ug-rep2d,mut-virus-rep2d-118-8ug,mut-virus-rep2d,wt-DNA-rep2,118-8ug-rep2d,0.000167766
118,4ug-rep3d,mut-virus-rep3d-118-4ug,mut-virus-rep3d,wt-DNA-rep3,118-4ug-rep3d,0.005181678
118,8ug-rep3d,mut-virus-rep3d-118-8ug,mut-virus-rep3d,wt-DNA-rep3,118-8ug-rep3d,0.0006734689999999999
3BNC117,3ug-rep2b,mut-virus-rep2b-3BNC117-3ug,mut-virus-rep2b,wt-DNA-rep2,3BNC117-3ug-rep2b,0.009847121
3BNC117,4ug-rep2b,mut-virus-rep2b-3BNC117-4ug,mut-virus-rep2b,wt-DNA-rep2,3BNC117-4ug-rep2b,0.022027114
3BNC117,4ug-rep3b,mut-virus-rep3b-3BNC117-4ug,mut-virus-rep3b,wt-DNA-rep3,3BNC117-4ug-rep3b,0.006474654
3BNC117,4ug-rep1b,mut-virus-rep1b-3BNC117-4ug,mut-virus-rep1b,wt-DNA-rep1,3BNC117-4ug-rep1b,0.008765432
VRC01,11ug-rep1,mut-virus-rep1-VRC01-11ug,mut-virus-rep1,wt-DNA-rep1,VRC01-11ug-rep1,0.002029
VRC01,11ug-rep3,mut-virus-rep3-VRC01-11ug,mut-virus-rep3,wt-DNA-rep3,VRC01-11ug-rep3,0.0072260000000000015
VRC01,11ug-rep3-tr2,mut-virus-rep3-VRC01-tr2-11ug,mut-virus-rep3,wt-DNA-rep3,VRC01-11ug-rep3-tr2,0.001008
VRC01,11ug-rep2,mut-virus-rep2-VRC01-11ug,mut-virus-rep2,wt-DNA-rep2,VRC01-11ug-rep2,0.009827
VRC01,8ug-rep2,mut-virus-rep2-VRC01-8ug,mut-virus-rep2,wt-DNA-rep2,VRC01-8ug-rep2,0.027775


2019-09-17 15:51:06,577 - INFO - Output summary files already exist and '--use_existing' is 'yes', so exiting with no further action.
