2019-08-27 15:59:13,439 - INFO - Beginning execution of dms2_bcsubamp in directory /fh/fast/bloom_j/computational_notebooks/adingens/2019/MAP_118

2019-08-27 15:59:13,439 - INFO - Progress is being logged to ./results/codoncounts/mut-virus-rep3d-118-8ug.log
2019-08-27 15:59:13,445 - INFO - Version information:
	Time and date: Tue Aug 27 15:59:13 2019
	Platform: Linux-3.13.0-168-generic-x86_64-with-debian-jessie-sid
	Python version: 3.6.7 | packaged by conda-forge | (default, Feb 28 2019, 09:07:38)  [GCC 7.3.0]
	dms_tools2 version: 2.5.0
	Bio version: 1.73
	HTSeq version: 0.11.2
	pandas version: 0.25.1
	numpy version: 1.16.4
	IPython version: 7.6.1
	jupyter version: 1.0.0
	matplotlib version: 3.1.1
	plotnine version: 0.6.0
	natsort version: 6.0.0
	pystan version: 2.16.0.0
	scipy version: 1.2.2
	seaborn version: 0.9.0
	phydmslib version: 2.3.3
	statsmodels version: 0.10.0
	rpy2 version: 2.9.4
	regex version: 2.5.33
	umi_tools version: 1.0.0

2019-08-27 15:59:13,446 - INFO - Parsed the following arguments:
	outdir = ./results/codoncounts
	ncpus = -1
	use_existing = yes
	refseq = ./data/BG505.W6.C2.T332N_env.fasta
	alignspecs = ['87,375,39,36', '376,666,36,39', '663,954,33,41', '955,1228,33,37', '1228,1527,34,35', '1527,1815,32,39', '1816,2098,36,41']
	bclen = 8
	fastqdir = ./results/FASTQ_files/
	R2 = None
	R1trim = [200]
	R2trim = [170]
	bclen2 = None
	chartype = codon
	maxmuts = 4
	minq = 15
	minreads = 2
	minfraccall = 0.95
	minconcur = 0.75
	sitemask = None
	purgeread = 0
	purgebc = 0
	bcinfo = False
	name = mut-virus-rep3d-118-8ug
	R1 = ['BG505_mut_virus_rep3d_1-18-8ug_R1.fastq.gz']

2019-08-27 15:59:13,625 - INFO - Read refseq of 2583 codons from ./data/BG505.W6.C2.T332N_env.fasta
2019-08-27 15:59:13,663 - INFO - Reads are in these FASTQ pairs:
	./results/FASTQ_files/BG505_mut_virus_rep3d_1-18-8ug_R1.fastq.gz and ./results/FASTQ_files/BG505_mut_virus_rep3d_1-18-8ug_R2.fastq.gz

2019-08-27 15:59:13,663 - INFO - Now parsing read pairs...
2019-08-27 15:59:22,833 - INFO - Reads parsed so far: 500000
2019-08-27 15:59:30,796 - INFO - Reads parsed so far: 1000000
2019-08-27 15:59:38,960 - INFO - Reads parsed so far: 1500000
2019-08-27 15:59:46,656 - INFO - Reads parsed so far: 2000000
2019-08-27 15:59:54,990 - INFO - Reads parsed so far: 2500000
2019-08-27 15:59:58,634 - INFO - Parsed 2736670 reads, found 810875 unique barcodes.
2019-08-27 15:59:58,639 - INFO - Summary stats on reads:
   total  fail filter  low Q barcode
 2736670            0         212778
2019-08-27 15:59:58,639 - INFO - Writing these stats to ./results/codoncounts/mut-virus-rep3d-118-8ug_readstats.csv

2019-08-27 15:59:58,840 - INFO - Number of reads per barcode:
                 number of barcodes
number of reads                    
1                            220434
2                            142469
3                            144677
4                            120597
5                             83568
6                             50019
7                             26213
8                             12947
9                              5689
10                             2440
11                             1035
12                              436
13                              186
14                               87
15                               44
16                               22
17                                7
18                                2
19                                1
20                                2
2019-08-27 15:59:58,840 - INFO - Writing these stats to ./results/codoncounts/mut-virus-rep3d-118-8ug_readsperbc.csv

2019-08-27 15:59:58,845 - INFO - Examining the 810875 barcodes to build and align subamplicons...
2019-08-27 16:00:12,085 - INFO - Barcodes examined so far: 200000
2019-08-27 16:00:24,685 - INFO - Barcodes examined so far: 400000
2019-08-27 16:00:35,730 - INFO - Barcodes examined so far: 600000
2019-08-27 16:00:41,862 - INFO - Barcodes examined so far: 800000
2019-08-27 16:00:41,895 - INFO - Examined all barcodes. Summary stats:
  total  too few reads  not alignable  aligned
 810875         220434          50887   539554
2019-08-27 16:00:41,895 - INFO - Writing these stats to ./results/codoncounts/mut-virus-rep3d-118-8ug_bcstats.csv

2019-08-27 16:00:41,919 - INFO - Writing the counts of each codon identity at each site to ./results/codoncounts/mut-virus-rep3d-118-8ug_codoncounts.csv

2019-08-27 16:00:41,965 - INFO - Successful completion of dms2_bcsubamp
