2019-08-27 16:04:16,468 - INFO - Beginning execution of dms2_bcsubamp in directory /fh/fast/bloom_j/computational_notebooks/adingens/2019/MAP_118

2019-08-27 16:04:16,469 - INFO - Progress is being logged to ./results/codoncounts/mut-virus-rep1b.log
2019-08-27 16:04:16,473 - INFO - Version information:
	Time and date: Tue Aug 27 16:04:16 2019
	Platform: Linux-3.13.0-168-generic-x86_64-with-debian-jessie-sid
	Python version: 3.6.7 | packaged by conda-forge | (default, Feb 28 2019, 09:07:38)  [GCC 7.3.0]
	dms_tools2 version: 2.5.0
	Bio version: 1.73
	HTSeq version: 0.11.2
	pandas version: 0.25.1
	numpy version: 1.16.4
	IPython version: 7.6.1
	jupyter version: 1.0.0
	matplotlib version: 3.1.1
	plotnine version: 0.6.0
	natsort version: 6.0.0
	pystan version: 2.16.0.0
	scipy version: 1.2.2
	seaborn version: 0.9.0
	phydmslib version: 2.3.3
	statsmodels version: 0.10.0
	rpy2 version: 2.9.4
	regex version: 2.5.33
	umi_tools version: 1.0.0

2019-08-27 16:04:16,473 - INFO - Parsed the following arguments:
	outdir = ./results/codoncounts
	ncpus = -1
	use_existing = yes
	refseq = ./data/BG505.W6.C2.T332N_env.fasta
	alignspecs = ['87,375,39,36', '376,666,36,39', '663,954,33,41', '955,1228,33,37', '1228,1527,34,35', '1527,1815,32,39', '1816,2098,36,41']
	bclen = 8
	fastqdir = ./results/FASTQ_files/
	R2 = None
	R1trim = [200]
	R2trim = [170]
	bclen2 = None
	chartype = codon
	maxmuts = 4
	minq = 15
	minreads = 2
	minfraccall = 0.95
	minconcur = 0.75
	sitemask = None
	purgeread = 0
	purgebc = 0
	bcinfo = False
	name = mut-virus-rep1b
	R1 = ['BG505_mut-virus-rep1b_R1.fastq.gz']

2019-08-27 16:04:16,489 - INFO - Read refseq of 2583 codons from ./data/BG505.W6.C2.T332N_env.fasta
2019-08-27 16:04:16,490 - INFO - Reads are in these FASTQ pairs:
	./results/FASTQ_files/BG505_mut-virus-rep1b_R1.fastq.gz and ./results/FASTQ_files/BG505_mut-virus-rep1b_R2.fastq.gz

2019-08-27 16:04:16,490 - INFO - Now parsing read pairs...
2019-08-27 16:04:25,087 - INFO - Reads parsed so far: 500000
2019-08-27 16:04:33,125 - INFO - Reads parsed so far: 1000000
2019-08-27 16:04:41,351 - INFO - Reads parsed so far: 1500000
2019-08-27 16:04:49,097 - INFO - Reads parsed so far: 2000000
2019-08-27 16:04:57,401 - INFO - Reads parsed so far: 2500000
2019-08-27 16:05:05,111 - INFO - Reads parsed so far: 3000000
2019-08-27 16:05:12,792 - INFO - Reads parsed so far: 3500000
2019-08-27 16:05:20,434 - INFO - Reads parsed so far: 4000000
2019-08-27 16:05:28,088 - INFO - Reads parsed so far: 4500000
2019-08-27 16:05:35,752 - INFO - Reads parsed so far: 5000000
2019-08-27 16:05:43,333 - INFO - Reads parsed so far: 5500000
2019-08-27 16:05:50,926 - INFO - Reads parsed so far: 6000000
2019-08-27 16:05:58,476 - INFO - Reads parsed so far: 6500000
2019-08-27 16:05:58,967 - INFO - Parsed 6532156 reads, found 942781 unique barcodes.
2019-08-27 16:05:58,972 - INFO - Summary stats on reads:
   total  fail filter  low Q barcode
 6532156            0         676530
2019-08-27 16:05:58,972 - INFO - Writing these stats to ./results/codoncounts/mut-virus-rep1b_readstats.csv

2019-08-27 16:05:59,231 - INFO - Number of reads per barcode:
                 number of barcodes
number of reads                    
1                            180086
2                             34861
3                             50443
4                             67843
5                             83290
6                             90751
7                             89966
8                             83217
9                             70990
10                            57570
11                            43381
12                            31752
13                            21808
14                            14274
15                             9050
16                             5649
17                             3288
18                             1971
19                             1083
20                              625
21                              381
22                              200
23                              109
24                               66
25                               51
26                               12
27                               23
28                               16
29                               10
30                                3
31                                6
32                                3
33                                1
35                                2
2019-08-27 16:05:59,232 - INFO - Writing these stats to ./results/codoncounts/mut-virus-rep1b_readsperbc.csv

2019-08-27 16:05:59,235 - INFO - Examining the 942781 barcodes to build and align subamplicons...
2019-08-27 16:06:15,316 - INFO - Barcodes examined so far: 200000
2019-08-27 16:06:30,821 - INFO - Barcodes examined so far: 400000
2019-08-27 16:06:45,820 - INFO - Barcodes examined so far: 600000
2019-08-27 16:06:58,943 - INFO - Barcodes examined so far: 800000
2019-08-27 16:07:02,150 - INFO - Examined all barcodes. Summary stats:
  total  too few reads  not alignable  aligned
 942781         180086          52414   710281
2019-08-27 16:07:02,150 - INFO - Writing these stats to ./results/codoncounts/mut-virus-rep1b_bcstats.csv

2019-08-27 16:07:02,181 - INFO - Writing the counts of each codon identity at each site to ./results/codoncounts/mut-virus-rep1b_codoncounts.csv

2019-08-27 16:07:02,224 - INFO - Successful completion of dms2_bcsubamp
