2019-08-27 16:02:13,107 - INFO - Beginning execution of dms2_bcsubamp in directory /fh/fast/bloom_j/computational_notebooks/adingens/2019/MAP_118

2019-08-27 16:02:13,107 - INFO - Progress is being logged to ./results/codoncounts/mut-virus-rep2b-3BNC117-3ug.log
2019-08-27 16:02:13,110 - INFO - Version information:
	Time and date: Tue Aug 27 16:02:13 2019
	Platform: Linux-3.13.0-168-generic-x86_64-with-debian-jessie-sid
	Python version: 3.6.7 | packaged by conda-forge | (default, Feb 28 2019, 09:07:38)  [GCC 7.3.0]
	dms_tools2 version: 2.5.0
	Bio version: 1.73
	HTSeq version: 0.11.2
	pandas version: 0.25.1
	numpy version: 1.16.4
	IPython version: 7.6.1
	jupyter version: 1.0.0
	matplotlib version: 3.1.1
	plotnine version: 0.6.0
	natsort version: 6.0.0
	pystan version: 2.16.0.0
	scipy version: 1.2.2
	seaborn version: 0.9.0
	phydmslib version: 2.3.3
	statsmodels version: 0.10.0
	rpy2 version: 2.9.4
	regex version: 2.5.33
	umi_tools version: 1.0.0

2019-08-27 16:02:13,110 - INFO - Parsed the following arguments:
	outdir = ./results/codoncounts
	ncpus = -1
	use_existing = yes
	refseq = ./data/BG505.W6.C2.T332N_env.fasta
	alignspecs = ['87,375,39,36', '376,666,36,39', '663,954,33,41', '955,1228,33,37', '1228,1527,34,35', '1527,1815,32,39', '1816,2098,36,41']
	bclen = 8
	fastqdir = ./results/FASTQ_files/
	R2 = None
	R1trim = [200]
	R2trim = [170]
	bclen2 = None
	chartype = codon
	maxmuts = 4
	minq = 15
	minreads = 2
	minfraccall = 0.95
	minconcur = 0.75
	sitemask = None
	purgeread = 0
	purgebc = 0
	bcinfo = False
	name = mut-virus-rep2b-3BNC117-3ug
	R1 = ['BG505_mut-virus-rep2b-3BNC117-3ug_R1.fastq.gz']

2019-08-27 16:02:13,128 - INFO - Read refseq of 2583 codons from ./data/BG505.W6.C2.T332N_env.fasta
2019-08-27 16:02:13,129 - INFO - Reads are in these FASTQ pairs:
	./results/FASTQ_files/BG505_mut-virus-rep2b-3BNC117-3ug_R1.fastq.gz and ./results/FASTQ_files/BG505_mut-virus-rep2b-3BNC117-3ug_R2.fastq.gz

2019-08-27 16:02:13,129 - INFO - Now parsing read pairs...
2019-08-27 16:02:21,857 - INFO - Reads parsed so far: 500000
2019-08-27 16:02:30,028 - INFO - Reads parsed so far: 1000000
2019-08-27 16:02:38,624 - INFO - Reads parsed so far: 1500000
2019-08-27 16:02:46,142 - INFO - Reads parsed so far: 2000000
2019-08-27 16:02:54,504 - INFO - Reads parsed so far: 2500000
2019-08-27 16:03:02,100 - INFO - Reads parsed so far: 3000000
2019-08-27 16:03:11,277 - INFO - Reads parsed so far: 3500000
2019-08-27 16:03:19,022 - INFO - Reads parsed so far: 4000000
2019-08-27 16:03:26,716 - INFO - Reads parsed so far: 4500000
2019-08-27 16:03:34,171 - INFO - Reads parsed so far: 5000000
2019-08-27 16:03:40,569 - INFO - Parsed 5312530 reads, found 1946367 unique barcodes.
2019-08-27 16:03:40,574 - INFO - Summary stats on reads:
   total  fail filter  low Q barcode
 5312530            0         372299
2019-08-27 16:03:40,574 - INFO - Writing these stats to ./results/codoncounts/mut-virus-rep2b-3BNC117-3ug_readstats.csv

2019-08-27 16:03:41,012 - INFO - Number of reads per barcode:
                 number of barcodes
number of reads                    
1                            719881
2                            396836
3                            340597
4                            235487
5                            136344
6                             68448
7                             29876
8                             12094
9                              4517
10                             1532
11                              511
12                              159
13                               55
14                               22
15                                6
16                                2
2019-08-27 16:03:41,012 - INFO - Writing these stats to ./results/codoncounts/mut-virus-rep2b-3BNC117-3ug_readsperbc.csv

2019-08-27 16:03:41,016 - INFO - Examining the 1946367 barcodes to build and align subamplicons...
2019-08-27 16:03:53,389 - INFO - Barcodes examined so far: 200000
2019-08-27 16:04:05,422 - INFO - Barcodes examined so far: 400000
2019-08-27 16:04:16,890 - INFO - Barcodes examined so far: 600000
2019-08-27 16:04:27,758 - INFO - Barcodes examined so far: 800000
2019-08-27 16:04:37,949 - INFO - Barcodes examined so far: 1000000
2019-08-27 16:04:46,960 - INFO - Barcodes examined so far: 1200000
2019-08-27 16:04:54,298 - INFO - Barcodes examined so far: 1400000
2019-08-27 16:04:59,103 - INFO - Barcodes examined so far: 1600000
2019-08-27 16:05:03,301 - INFO - Barcodes examined so far: 1800000
2019-08-27 16:05:10,956 - INFO - Examined all barcodes. Summary stats:
   total  too few reads  not alignable  aligned
 1946367         719881         126683  1099803
2019-08-27 16:05:10,957 - INFO - Writing these stats to ./results/codoncounts/mut-virus-rep2b-3BNC117-3ug_bcstats.csv

2019-08-27 16:05:10,976 - INFO - Writing the counts of each codon identity at each site to ./results/codoncounts/mut-virus-rep2b-3BNC117-3ug_codoncounts.csv

2019-08-27 16:05:11,021 - INFO - Successful completion of dms2_bcsubamp
