2019-08-27 16:00:51,080 - INFO - Beginning execution of dms2_bcsubamp in directory /fh/fast/bloom_j/computational_notebooks/adingens/2019/MAP_118

2019-08-27 16:00:51,081 - INFO - Progress is being logged to ./results/codoncounts/mut-virus-rep2b.log
2019-08-27 16:00:51,091 - INFO - Version information:
	Time and date: Tue Aug 27 16:00:51 2019
	Platform: Linux-3.13.0-168-generic-x86_64-with-debian-jessie-sid
	Python version: 3.6.7 | packaged by conda-forge | (default, Feb 28 2019, 09:07:38)  [GCC 7.3.0]
	dms_tools2 version: 2.5.0
	Bio version: 1.73
	HTSeq version: 0.11.2
	pandas version: 0.25.1
	numpy version: 1.16.4
	IPython version: 7.6.1
	jupyter version: 1.0.0
	matplotlib version: 3.1.1
	plotnine version: 0.6.0
	natsort version: 6.0.0
	pystan version: 2.16.0.0
	scipy version: 1.2.2
	seaborn version: 0.9.0
	phydmslib version: 2.3.3
	statsmodels version: 0.10.0
	rpy2 version: 2.9.4
	regex version: 2.5.33
	umi_tools version: 1.0.0

2019-08-27 16:00:51,091 - INFO - Parsed the following arguments:
	outdir = ./results/codoncounts
	ncpus = -1
	use_existing = yes
	refseq = ./data/BG505.W6.C2.T332N_env.fasta
	alignspecs = ['87,375,39,36', '376,666,36,39', '663,954,33,41', '955,1228,33,37', '1228,1527,34,35', '1527,1815,32,39', '1816,2098,36,41']
	bclen = 8
	fastqdir = ./results/FASTQ_files/
	R2 = None
	R1trim = [200]
	R2trim = [170]
	bclen2 = None
	chartype = codon
	maxmuts = 4
	minq = 15
	minreads = 2
	minfraccall = 0.95
	minconcur = 0.75
	sitemask = None
	purgeread = 0
	purgebc = 0
	bcinfo = False
	name = mut-virus-rep2b
	R1 = ['BG505_mut-virus-rep2b_R1.fastq.gz']

2019-08-27 16:00:51,122 - INFO - Read refseq of 2583 codons from ./data/BG505.W6.C2.T332N_env.fasta
2019-08-27 16:00:51,124 - INFO - Reads are in these FASTQ pairs:
	./results/FASTQ_files/BG505_mut-virus-rep2b_R1.fastq.gz and ./results/FASTQ_files/BG505_mut-virus-rep2b_R2.fastq.gz

2019-08-27 16:00:51,124 - INFO - Now parsing read pairs...
2019-08-27 16:00:59,573 - INFO - Reads parsed so far: 500000
2019-08-27 16:01:07,623 - INFO - Reads parsed so far: 1000000
2019-08-27 16:01:16,142 - INFO - Reads parsed so far: 1500000
2019-08-27 16:01:23,700 - INFO - Reads parsed so far: 2000000
2019-08-27 16:01:31,961 - INFO - Reads parsed so far: 2500000
2019-08-27 16:01:39,544 - INFO - Reads parsed so far: 3000000
2019-08-27 16:01:48,018 - INFO - Reads parsed so far: 3500000
2019-08-27 16:01:55,532 - INFO - Reads parsed so far: 4000000
2019-08-27 16:02:03,093 - INFO - Reads parsed so far: 4500000
2019-08-27 16:02:10,717 - INFO - Reads parsed so far: 5000000
2019-08-27 16:02:18,493 - INFO - Parsed 5413026 reads, found 1972423 unique barcodes.
2019-08-27 16:02:18,497 - INFO - Summary stats on reads:
   total  fail filter  low Q barcode
 5413026            0         404258
2019-08-27 16:02:18,497 - INFO - Writing these stats to ./results/codoncounts/mut-virus-rep2b_readstats.csv

2019-08-27 16:02:18,927 - INFO - Number of reads per barcode:
                 number of barcodes
number of reads                    
1                            795238
2                            353067
3                            314788
4                            229030
5                            141395
6                             75872
7                             36539
8                             15993
9                              6389
10                             2633
11                              942
12                              322
13                              130
14                               56
15                               16
16                                7
17                                4
18                                1
19                                1
2019-08-27 16:02:18,927 - INFO - Writing these stats to ./results/codoncounts/mut-virus-rep2b_readsperbc.csv

2019-08-27 16:02:18,932 - INFO - Examining the 1972423 barcodes to build and align subamplicons...
2019-08-27 16:02:31,493 - INFO - Barcodes examined so far: 200000
2019-08-27 16:02:43,696 - INFO - Barcodes examined so far: 400000
2019-08-27 16:02:55,485 - INFO - Barcodes examined so far: 600000
2019-08-27 16:03:06,808 - INFO - Barcodes examined so far: 800000
2019-08-27 16:03:17,513 - INFO - Barcodes examined so far: 1000000
2019-08-27 16:03:27,249 - INFO - Barcodes examined so far: 1200000
2019-08-27 16:03:35,647 - INFO - Barcodes examined so far: 1400000
2019-08-27 16:03:42,474 - INFO - Barcodes examined so far: 1600000
2019-08-27 16:03:46,833 - INFO - Barcodes examined so far: 1800000
2019-08-27 16:03:48,117 - INFO - Examined all barcodes. Summary stats:
   total  too few reads  not alignable  aligned
 1972423         795238         119772  1057413
2019-08-27 16:03:48,117 - INFO - Writing these stats to ./results/codoncounts/mut-virus-rep2b_bcstats.csv

2019-08-27 16:03:48,137 - INFO - Writing the counts of each codon identity at each site to ./results/codoncounts/mut-virus-rep2b_codoncounts.csv

2019-08-27 16:03:48,181 - INFO - Successful completion of dms2_bcsubamp
