2019-08-27 16:02:24,027 - INFO - Beginning execution of dms2_bcsubamp in directory /fh/fast/bloom_j/computational_notebooks/adingens/2019/MAP_118

2019-08-27 16:02:24,027 - INFO - Progress is being logged to ./results/codoncounts/mut-virus-rep1.log
2019-08-27 16:02:24,031 - INFO - Version information:
	Time and date: Tue Aug 27 16:02:24 2019
	Platform: Linux-3.13.0-168-generic-x86_64-with-debian-jessie-sid
	Python version: 3.6.7 | packaged by conda-forge | (default, Feb 28 2019, 09:07:38)  [GCC 7.3.0]
	dms_tools2 version: 2.5.0
	Bio version: 1.73
	HTSeq version: 0.11.2
	pandas version: 0.25.1
	numpy version: 1.16.4
	IPython version: 7.6.1
	jupyter version: 1.0.0
	matplotlib version: 3.1.1
	plotnine version: 0.6.0
	natsort version: 6.0.0
	pystan version: 2.16.0.0
	scipy version: 1.2.2
	seaborn version: 0.9.0
	phydmslib version: 2.3.3
	statsmodels version: 0.10.0
	rpy2 version: 2.9.4
	regex version: 2.5.33
	umi_tools version: 1.0.0

2019-08-27 16:02:24,031 - INFO - Parsed the following arguments:
	outdir = ./results/codoncounts
	ncpus = -1
	use_existing = yes
	refseq = ./data/BG505.W6.C2.T332N_env.fasta
	alignspecs = ['87,375,39,36', '376,666,36,39', '663,954,33,41', '955,1228,33,37', '1228,1527,34,35', '1527,1815,32,39', '1816,2098,36,41']
	bclen = 8
	fastqdir = ./results/FASTQ_files/
	R2 = None
	R1trim = [200]
	R2trim = [170]
	bclen2 = None
	chartype = codon
	maxmuts = 4
	minq = 15
	minreads = 2
	minfraccall = 0.95
	minconcur = 0.75
	sitemask = None
	purgeread = 0
	purgebc = 0
	bcinfo = False
	name = mut-virus-rep1
	R1 = ['BG505_mut-virus-rep1_R1.fastq.gz']

2019-08-27 16:02:24,048 - INFO - Read refseq of 2583 codons from ./data/BG505.W6.C2.T332N_env.fasta
2019-08-27 16:02:24,052 - INFO - Reads are in these FASTQ pairs:
	./results/FASTQ_files/BG505_mut-virus-rep1_R1.fastq.gz and ./results/FASTQ_files/BG505_mut-virus-rep1_R2.fastq.gz

2019-08-27 16:02:24,053 - INFO - Now parsing read pairs...
2019-08-27 16:02:32,685 - INFO - Reads parsed so far: 500000
2019-08-27 16:02:41,307 - INFO - Reads parsed so far: 1000000
2019-08-27 16:02:49,428 - INFO - Reads parsed so far: 1500000
2019-08-27 16:02:57,775 - INFO - Reads parsed so far: 2000000
2019-08-27 16:03:05,692 - INFO - Reads parsed so far: 2500000
2019-08-27 16:03:14,682 - INFO - Reads parsed so far: 3000000
2019-08-27 16:03:22,400 - INFO - Reads parsed so far: 3500000
2019-08-27 16:03:30,086 - INFO - Reads parsed so far: 4000000
2019-08-27 16:03:39,359 - INFO - Reads parsed so far: 4500000
2019-08-27 16:03:47,022 - INFO - Reads parsed so far: 5000000
2019-08-27 16:03:54,724 - INFO - Reads parsed so far: 5500000
2019-08-27 16:04:02,367 - INFO - Reads parsed so far: 6000000
2019-08-27 16:04:10,027 - INFO - Reads parsed so far: 6500000
2019-08-27 16:04:17,128 - INFO - Parsed 6957654 reads, found 2311889 unique barcodes.
2019-08-27 16:04:17,134 - INFO - Summary stats on reads:
   total  fail filter  low Q barcode
 6957654            0         633705
2019-08-27 16:04:17,134 - INFO - Writing these stats to ./results/codoncounts/mut-virus-rep1_readstats.csv

2019-08-27 16:04:17,643 - INFO - Number of reads per barcode:
                 number of barcodes
number of reads                    
1                            866379
2                            387997
3                            366425
4                            284080
5                            188196
6                            110938
7                             58421
8                             28448
9                             12466
10                             5264
11                             2051
12                              754
13                              295
14                              111
15                               36
16                               18
17                                4
18                                3
19                                1
20                                1
21                                1
2019-08-27 16:04:17,643 - INFO - Writing these stats to ./results/codoncounts/mut-virus-rep1_readsperbc.csv

2019-08-27 16:04:17,647 - INFO - Examining the 2311889 barcodes to build and align subamplicons...
2019-08-27 16:04:30,408 - INFO - Barcodes examined so far: 200000
2019-08-27 16:04:42,781 - INFO - Barcodes examined so far: 400000
2019-08-27 16:04:54,856 - INFO - Barcodes examined so far: 600000
2019-08-27 16:05:06,581 - INFO - Barcodes examined so far: 800000
2019-08-27 16:05:17,872 - INFO - Barcodes examined so far: 1000000
2019-08-27 16:05:28,567 - INFO - Barcodes examined so far: 1200000
2019-08-27 16:05:38,500 - INFO - Barcodes examined so far: 1400000
2019-08-27 16:05:47,467 - INFO - Barcodes examined so far: 1600000
2019-08-27 16:05:55,167 - INFO - Barcodes examined so far: 1800000
2019-08-27 16:06:00,805 - INFO - Barcodes examined so far: 2000000
2019-08-27 16:06:04,085 - INFO - Barcodes examined so far: 2200000
2019-08-27 16:06:04,626 - INFO - Examined all barcodes. Summary stats:
   total  too few reads  not alignable  aligned
 2311889         866379         168780  1276730
2019-08-27 16:06:04,626 - INFO - Writing these stats to ./results/codoncounts/mut-virus-rep1_bcstats.csv

2019-08-27 16:06:04,646 - INFO - Writing the counts of each codon identity at each site to ./results/codoncounts/mut-virus-rep1_codoncounts.csv

2019-08-27 16:06:04,699 - INFO - Successful completion of dms2_bcsubamp
