2019-08-27 15:59:13,314 - INFO - Beginning execution of dms2_bcsubamp in directory /fh/fast/bloom_j/computational_notebooks/adingens/2019/MAP_118

2019-08-27 15:59:13,314 - INFO - Progress is being logged to ./results/codoncounts/mut-virus-rep2.log
2019-08-27 15:59:13,320 - INFO - Version information:
	Time and date: Tue Aug 27 15:59:13 2019
	Platform: Linux-3.13.0-168-generic-x86_64-with-debian-jessie-sid
	Python version: 3.6.7 | packaged by conda-forge | (default, Feb 28 2019, 09:07:38)  [GCC 7.3.0]
	dms_tools2 version: 2.5.0
	Bio version: 1.73
	HTSeq version: 0.11.2
	pandas version: 0.25.1
	numpy version: 1.16.4
	IPython version: 7.6.1
	jupyter version: 1.0.0
	matplotlib version: 3.1.1
	plotnine version: 0.6.0
	natsort version: 6.0.0
	pystan version: 2.16.0.0
	scipy version: 1.2.2
	seaborn version: 0.9.0
	phydmslib version: 2.3.3
	statsmodels version: 0.10.0
	rpy2 version: 2.9.4
	regex version: 2.5.33
	umi_tools version: 1.0.0

2019-08-27 15:59:13,321 - INFO - Parsed the following arguments:
	outdir = ./results/codoncounts
	ncpus = -1
	use_existing = yes
	refseq = ./data/BG505.W6.C2.T332N_env.fasta
	alignspecs = ['87,375,39,36', '376,666,36,39', '663,954,33,41', '955,1228,33,37', '1228,1527,34,35', '1527,1815,32,39', '1816,2098,36,41']
	bclen = 8
	fastqdir = ./results/FASTQ_files/
	R2 = None
	R1trim = [200]
	R2trim = [170]
	bclen2 = None
	chartype = codon
	maxmuts = 4
	minq = 15
	minreads = 2
	minfraccall = 0.95
	minconcur = 0.75
	sitemask = None
	purgeread = 0
	purgebc = 0
	bcinfo = False
	name = mut-virus-rep2
	R1 = ['BG505_mut-virus-rep2_R1.fastq.gz']

2019-08-27 15:59:13,438 - INFO - Read refseq of 2583 codons from ./data/BG505.W6.C2.T332N_env.fasta
2019-08-27 15:59:13,439 - INFO - Reads are in these FASTQ pairs:
	./results/FASTQ_files/BG505_mut-virus-rep2_R1.fastq.gz and ./results/FASTQ_files/BG505_mut-virus-rep2_R2.fastq.gz

2019-08-27 15:59:13,439 - INFO - Now parsing read pairs...
2019-08-27 15:59:22,274 - INFO - Reads parsed so far: 500000
2019-08-27 15:59:30,966 - INFO - Reads parsed so far: 1000000
2019-08-27 15:59:39,743 - INFO - Reads parsed so far: 1500000
2019-08-27 15:59:48,259 - INFO - Reads parsed so far: 2000000
2019-08-27 15:59:55,817 - INFO - Reads parsed so far: 2500000
2019-08-27 16:00:04,484 - INFO - Reads parsed so far: 3000000
2019-08-27 16:00:13,536 - INFO - Reads parsed so far: 3500000
2019-08-27 16:00:21,214 - INFO - Reads parsed so far: 4000000
2019-08-27 16:00:28,930 - INFO - Reads parsed so far: 4500000
2019-08-27 16:00:38,417 - INFO - Reads parsed so far: 5000000
2019-08-27 16:00:46,094 - INFO - Reads parsed so far: 5500000
2019-08-27 16:00:53,777 - INFO - Reads parsed so far: 6000000
2019-08-27 16:01:03,764 - INFO - Reads parsed so far: 6500000
2019-08-27 16:01:11,810 - INFO - Reads parsed so far: 7000000
2019-08-27 16:01:19,846 - INFO - Reads parsed so far: 7500000
2019-08-27 16:01:27,803 - INFO - Reads parsed so far: 8000000
2019-08-27 16:01:35,667 - INFO - Reads parsed so far: 8500000
2019-08-27 16:01:47,209 - INFO - Reads parsed so far: 9000000
2019-08-27 16:01:55,023 - INFO - Reads parsed so far: 9500000
2019-08-27 16:02:02,870 - INFO - Reads parsed so far: 10000000
2019-08-27 16:02:10,705 - INFO - Reads parsed so far: 10500000
2019-08-27 16:02:18,488 - INFO - Reads parsed so far: 11000000
2019-08-27 16:02:26,325 - INFO - Reads parsed so far: 11500000
2019-08-27 16:02:34,327 - INFO - Reads parsed so far: 12000000
2019-08-27 16:02:42,085 - INFO - Reads parsed so far: 12500000
2019-08-27 16:02:49,879 - INFO - Reads parsed so far: 13000000
2019-08-27 16:03:02,478 - INFO - Reads parsed so far: 13500000
2019-08-27 16:03:10,160 - INFO - Reads parsed so far: 14000000
2019-08-27 16:03:17,873 - INFO - Reads parsed so far: 14500000
2019-08-27 16:03:25,625 - INFO - Reads parsed so far: 15000000
2019-08-27 16:03:32,560 - INFO - Parsed 15444304 reads, found 6482159 unique barcodes.
2019-08-27 16:03:32,571 - INFO - Summary stats on reads:
    total  fail filter  low Q barcode
 15444304            0        1595193
2019-08-27 16:03:32,571 - INFO - Writing these stats to ./results/codoncounts/mut-virus-rep2_readstats.csv

2019-08-27 16:03:33,986 - INFO - Number of reads per barcode:
                 number of barcodes
number of reads                    
1                           3269988
2                           1175694
3                            898417
4                            573720
5                            312221
6                            149161
7                             63698
8                             25288
9                              9149
10                             3201
11                             1080
12                              354
13                              128
14                               40
15                               12
16                                1
17                                2
18                                1
20                                1
29                                1
147                               1
196                               1
2019-08-27 16:03:33,986 - INFO - Writing these stats to ./results/codoncounts/mut-virus-rep2_readsperbc.csv

2019-08-27 16:03:33,990 - INFO - Examining the 6482159 barcodes to build and align subamplicons...
2019-08-27 16:03:45,654 - INFO - Barcodes examined so far: 200000
2019-08-27 16:03:57,255 - INFO - Barcodes examined so far: 400000
2019-08-27 16:04:08,610 - INFO - Barcodes examined so far: 600000
2019-08-27 16:04:19,920 - INFO - Barcodes examined so far: 800000
2019-08-27 16:04:31,058 - INFO - Barcodes examined so far: 1000000
2019-08-27 16:04:42,089 - INFO - Barcodes examined so far: 1200000
2019-08-27 16:04:53,043 - INFO - Barcodes examined so far: 1400000
2019-08-27 16:05:03,718 - INFO - Barcodes examined so far: 1600000
2019-08-27 16:05:14,042 - INFO - Barcodes examined so far: 1800000
2019-08-27 16:05:24,195 - INFO - Barcodes examined so far: 2000000
2019-08-27 16:05:34,233 - INFO - Barcodes examined so far: 2200000
2019-08-27 16:05:44,105 - INFO - Barcodes examined so far: 2400000
2019-08-27 16:05:53,837 - INFO - Barcodes examined so far: 2600000
2019-08-27 16:06:03,204 - INFO - Barcodes examined so far: 2800000
2019-08-27 16:06:12,248 - INFO - Barcodes examined so far: 3000000
2019-08-27 16:06:20,994 - INFO - Barcodes examined so far: 3200000
2019-08-27 16:06:29,507 - INFO - Barcodes examined so far: 3400000
2019-08-27 16:06:37,713 - INFO - Barcodes examined so far: 3600000
2019-08-27 16:06:45,360 - INFO - Barcodes examined so far: 3800000
2019-08-27 16:06:52,569 - INFO - Barcodes examined so far: 4000000
2019-08-27 16:06:59,435 - INFO - Barcodes examined so far: 4200000
2019-08-27 16:07:05,878 - INFO - Barcodes examined so far: 4400000
2019-08-27 16:07:11,669 - INFO - Barcodes examined so far: 4600000
2019-08-27 16:07:17,105 - INFO - Barcodes examined so far: 4800000
2019-08-27 16:07:22,119 - INFO - Barcodes examined so far: 5000000
2019-08-27 16:07:26,522 - INFO - Barcodes examined so far: 5200000
2019-08-27 16:07:30,380 - INFO - Barcodes examined so far: 5400000
2019-08-27 16:07:33,699 - INFO - Barcodes examined so far: 5600000
2019-08-27 16:07:36,310 - INFO - Barcodes examined so far: 5800000
2019-08-27 16:07:38,352 - INFO - Barcodes examined so far: 6000000
2019-08-27 16:07:39,702 - INFO - Barcodes examined so far: 6200000
2019-08-27 16:07:40,405 - INFO - Barcodes examined so far: 6400000
2019-08-27 16:07:40,497 - INFO - Examined all barcodes. Summary stats:
   total  too few reads  not alignable  aligned
 6482159        3269988         977212  2234959
2019-08-27 16:07:40,497 - INFO - Writing these stats to ./results/codoncounts/mut-virus-rep2_bcstats.csv

2019-08-27 16:07:40,537 - INFO - Writing the counts of each codon identity at each site to ./results/codoncounts/mut-virus-rep2_codoncounts.csv

2019-08-27 16:07:40,586 - INFO - Successful completion of dms2_bcsubamp
