2019-08-27 15:59:13,272 - INFO - Beginning execution of dms2_bcsubamp in directory /fh/fast/bloom_j/computational_notebooks/adingens/2019/MAP_118

2019-08-27 15:59:13,272 - INFO - Progress is being logged to ./results/codoncounts/mut-virus-rep3-VRC01-tr2-11ug.log
2019-08-27 15:59:13,279 - INFO - Version information:
	Time and date: Tue Aug 27 15:59:13 2019
	Platform: Linux-3.13.0-168-generic-x86_64-with-debian-jessie-sid
	Python version: 3.6.7 | packaged by conda-forge | (default, Feb 28 2019, 09:07:38)  [GCC 7.3.0]
	dms_tools2 version: 2.5.0
	Bio version: 1.73
	HTSeq version: 0.11.2
	pandas version: 0.25.1
	numpy version: 1.16.4
	IPython version: 7.6.1
	jupyter version: 1.0.0
	matplotlib version: 3.1.1
	plotnine version: 0.6.0
	natsort version: 6.0.0
	pystan version: 2.16.0.0
	scipy version: 1.2.2
	seaborn version: 0.9.0
	phydmslib version: 2.3.3
	statsmodels version: 0.10.0
	rpy2 version: 2.9.4
	regex version: 2.5.33
	umi_tools version: 1.0.0

2019-08-27 15:59:13,280 - INFO - Parsed the following arguments:
	outdir = ./results/codoncounts
	ncpus = -1
	use_existing = yes
	refseq = ./data/BG505.W6.C2.T332N_env.fasta
	alignspecs = ['87,375,39,36', '376,666,36,39', '663,954,33,41', '955,1228,33,37', '1228,1527,34,35', '1527,1815,32,39', '1816,2098,36,41']
	bclen = 8
	fastqdir = ./results/FASTQ_files/
	R2 = None
	R1trim = [200]
	R2trim = [170]
	bclen2 = None
	chartype = codon
	maxmuts = 4
	minq = 15
	minreads = 2
	minfraccall = 0.95
	minconcur = 0.75
	sitemask = None
	purgeread = 0
	purgebc = 0
	bcinfo = False
	name = mut-virus-rep3-VRC01-tr2-11ug
	R1 = ['BG505_mut-virus-rep3-VRC01-tr2-11ug_R1.fastq.gz']

2019-08-27 15:59:13,334 - INFO - Read refseq of 2583 codons from ./data/BG505.W6.C2.T332N_env.fasta
2019-08-27 15:59:13,335 - INFO - Reads are in these FASTQ pairs:
	./results/FASTQ_files/BG505_mut-virus-rep3-VRC01-tr2-11ug_R1.fastq.gz and ./results/FASTQ_files/BG505_mut-virus-rep3-VRC01-tr2-11ug_R2.fastq.gz

2019-08-27 15:59:13,335 - INFO - Now parsing read pairs...
2019-08-27 15:59:22,344 - INFO - Reads parsed so far: 500000
2019-08-27 15:59:30,867 - INFO - Reads parsed so far: 1000000
2019-08-27 15:59:39,219 - INFO - Reads parsed so far: 1500000
2019-08-27 15:59:47,673 - INFO - Reads parsed so far: 2000000
2019-08-27 15:59:56,341 - INFO - Reads parsed so far: 2500000
2019-08-27 16:00:04,329 - INFO - Reads parsed so far: 3000000
2019-08-27 16:00:13,294 - INFO - Reads parsed so far: 3500000
2019-08-27 16:00:21,189 - INFO - Reads parsed so far: 4000000
2019-08-27 16:00:29,091 - INFO - Reads parsed so far: 4500000
2019-08-27 16:00:36,970 - INFO - Reads parsed so far: 5000000
2019-08-27 16:00:46,267 - INFO - Reads parsed so far: 5500000
2019-08-27 16:00:54,227 - INFO - Reads parsed so far: 6000000
2019-08-27 16:01:02,154 - INFO - Reads parsed so far: 6500000
2019-08-27 16:01:10,368 - INFO - Reads parsed so far: 7000000
2019-08-27 16:01:18,585 - INFO - Reads parsed so far: 7500000
2019-08-27 16:01:26,664 - INFO - Reads parsed so far: 8000000
2019-08-27 16:01:34,528 - INFO - Parsed 8486848 reads, found 2329234 unique barcodes.
2019-08-27 16:01:34,535 - INFO - Summary stats on reads:
   total  fail filter  low Q barcode
 8486848            0        1421151
2019-08-27 16:01:34,535 - INFO - Writing these stats to ./results/codoncounts/mut-virus-rep3-VRC01-tr2-11ug_readstats.csv

2019-08-27 16:01:35,078 - INFO - Number of reads per barcode:
                 number of barcodes
number of reads                    
1                            822883
2                            393063
3                            313219
4                            257428
5                            198861
6                            140823
7                             90911
8                             53578
9                             29347
10                            14982
11                             7360
12                             3591
13                             1575
14                              794
15                              398
16                              197
17                              103
18                               54
19                               27
20                               23
21                               12
22                                3
24                                1
329                               1
2019-08-27 16:01:35,078 - INFO - Writing these stats to ./results/codoncounts/mut-virus-rep3-VRC01-tr2-11ug_readsperbc.csv

2019-08-27 16:01:35,082 - INFO - Examining the 2329234 barcodes to build and align subamplicons...
2019-08-27 16:01:49,667 - INFO - Barcodes examined so far: 200000
2019-08-27 16:02:03,670 - INFO - Barcodes examined so far: 400000
2019-08-27 16:02:17,383 - INFO - Barcodes examined so far: 600000
2019-08-27 16:02:30,561 - INFO - Barcodes examined so far: 800000
2019-08-27 16:02:43,113 - INFO - Barcodes examined so far: 1000000
2019-08-27 16:02:55,117 - INFO - Barcodes examined so far: 1200000
2019-08-27 16:03:06,408 - INFO - Barcodes examined so far: 1400000
2019-08-27 16:03:16,531 - INFO - Barcodes examined so far: 1600000
2019-08-27 16:03:25,132 - INFO - Barcodes examined so far: 1800000
2019-08-27 16:03:32,307 - INFO - Barcodes examined so far: 2000000
2019-08-27 16:03:36,533 - INFO - Barcodes examined so far: 2200000
2019-08-27 16:03:37,374 - INFO - Examined all barcodes. Summary stats:
   total  too few reads  not alignable  aligned
 2329234         822883         722245   784106
2019-08-27 16:03:37,375 - INFO - Writing these stats to ./results/codoncounts/mut-virus-rep3-VRC01-tr2-11ug_bcstats.csv

2019-08-27 16:03:37,398 - INFO - Writing the counts of each codon identity at each site to ./results/codoncounts/mut-virus-rep3-VRC01-tr2-11ug_codoncounts.csv

2019-08-27 16:03:37,442 - INFO - Successful completion of dms2_bcsubamp
