2019-08-27 16:01:15,350 - INFO - Beginning execution of dms2_bcsubamp in directory /fh/fast/bloom_j/computational_notebooks/adingens/2019/MAP_118

2019-08-27 16:01:15,350 - INFO - Progress is being logged to ./results/codoncounts/mut-virus-rep2-VRC01-11ug.log
2019-08-27 16:01:15,358 - INFO - Version information:
	Time and date: Tue Aug 27 16:01:15 2019
	Platform: Linux-3.13.0-168-generic-x86_64-with-debian-jessie-sid
	Python version: 3.6.7 | packaged by conda-forge | (default, Feb 28 2019, 09:07:38)  [GCC 7.3.0]
	dms_tools2 version: 2.5.0
	Bio version: 1.73
	HTSeq version: 0.11.2
	pandas version: 0.25.1
	numpy version: 1.16.4
	IPython version: 7.6.1
	jupyter version: 1.0.0
	matplotlib version: 3.1.1
	plotnine version: 0.6.0
	natsort version: 6.0.0
	pystan version: 2.16.0.0
	scipy version: 1.2.2
	seaborn version: 0.9.0
	phydmslib version: 2.3.3
	statsmodels version: 0.10.0
	rpy2 version: 2.9.4
	regex version: 2.5.33
	umi_tools version: 1.0.0

2019-08-27 16:01:15,358 - INFO - Parsed the following arguments:
	outdir = ./results/codoncounts
	ncpus = -1
	use_existing = yes
	refseq = ./data/BG505.W6.C2.T332N_env.fasta
	alignspecs = ['87,375,39,36', '376,666,36,39', '663,954,33,41', '955,1228,33,37', '1228,1527,34,35', '1527,1815,32,39', '1816,2098,36,41']
	bclen = 8
	fastqdir = ./results/FASTQ_files/
	R2 = None
	R1trim = [200]
	R2trim = [170]
	bclen2 = None
	chartype = codon
	maxmuts = 4
	minq = 15
	minreads = 2
	minfraccall = 0.95
	minconcur = 0.75
	sitemask = None
	purgeread = 0
	purgebc = 0
	bcinfo = False
	name = mut-virus-rep2-VRC01-11ug
	R1 = ['BG505_mut-virus-rep2-VRC01-11ug_R1.fastq.gz']

2019-08-27 16:01:15,381 - INFO - Read refseq of 2583 codons from ./data/BG505.W6.C2.T332N_env.fasta
2019-08-27 16:01:15,382 - INFO - Reads are in these FASTQ pairs:
	./results/FASTQ_files/BG505_mut-virus-rep2-VRC01-11ug_R1.fastq.gz and ./results/FASTQ_files/BG505_mut-virus-rep2-VRC01-11ug_R2.fastq.gz

2019-08-27 16:01:15,382 - INFO - Now parsing read pairs...
2019-08-27 16:01:24,417 - INFO - Reads parsed so far: 500000
2019-08-27 16:01:33,287 - INFO - Reads parsed so far: 1000000
2019-08-27 16:01:41,672 - INFO - Reads parsed so far: 1500000
2019-08-27 16:01:50,221 - INFO - Reads parsed so far: 2000000
2019-08-27 16:01:58,002 - INFO - Reads parsed so far: 2500000
2019-08-27 16:02:06,725 - INFO - Reads parsed so far: 3000000
2019-08-27 16:02:14,527 - INFO - Reads parsed so far: 3500000
2019-08-27 16:02:22,309 - INFO - Reads parsed so far: 4000000
2019-08-27 16:02:30,243 - INFO - Reads parsed so far: 4500000
2019-08-27 16:02:38,047 - INFO - Reads parsed so far: 5000000
2019-08-27 16:02:47,236 - INFO - Reads parsed so far: 5500000
2019-08-27 16:02:48,685 - INFO - Parsed 5592115 reads, found 1572314 unique barcodes.
2019-08-27 16:02:48,689 - INFO - Summary stats on reads:
   total  fail filter  low Q barcode
 5592115            0         605180
2019-08-27 16:02:48,689 - INFO - Writing these stats to ./results/codoncounts/mut-virus-rep2-VRC01-11ug_readstats.csv

2019-08-27 16:02:49,061 - INFO - Number of reads per barcode:
                 number of barcodes
number of reads                    
1                            537371
2                            228775
3                            209604
4                            188940
5                            149875
6                            107094
7                             68677
8                             40097
9                             21582
10                            10897
11                             5237
12                             2354
13                             1040
14                              455
15                              165
16                               82
17                               37
18                               17
19                                9
20                                4
21                                1
41                                1
2019-08-27 16:02:49,061 - INFO - Writing these stats to ./results/codoncounts/mut-virus-rep2-VRC01-11ug_readsperbc.csv

2019-08-27 16:02:49,065 - INFO - Examining the 1572314 barcodes to build and align subamplicons...
2019-08-27 16:03:02,677 - INFO - Barcodes examined so far: 200000
2019-08-27 16:03:15,985 - INFO - Barcodes examined so far: 400000
2019-08-27 16:03:28,776 - INFO - Barcodes examined so far: 600000
2019-08-27 16:03:40,938 - INFO - Barcodes examined so far: 800000
2019-08-27 16:03:51,943 - INFO - Barcodes examined so far: 1000000
2019-08-27 16:04:00,929 - INFO - Barcodes examined so far: 1200000
2019-08-27 16:04:07,091 - INFO - Barcodes examined so far: 1400000
2019-08-27 16:04:08,891 - INFO - Examined all barcodes. Summary stats:
   total  too few reads  not alignable  aligned
 1572314         537371         244630   790313
2019-08-27 16:04:08,891 - INFO - Writing these stats to ./results/codoncounts/mut-virus-rep2-VRC01-11ug_bcstats.csv

2019-08-27 16:04:08,912 - INFO - Writing the counts of each codon identity at each site to ./results/codoncounts/mut-virus-rep2-VRC01-11ug_codoncounts.csv

2019-08-27 16:04:08,960 - INFO - Successful completion of dms2_bcsubamp
