2019-08-27 16:00:54,601 - INFO - Beginning execution of dms2_bcsubamp in directory /fh/fast/bloom_j/computational_notebooks/adingens/2019/MAP_118

2019-08-27 16:00:54,601 - INFO - Progress is being logged to ./results/codoncounts/mut-DNA-rep3.log
2019-08-27 16:00:54,606 - INFO - Version information:
	Time and date: Tue Aug 27 16:00:54 2019
	Platform: Linux-3.13.0-168-generic-x86_64-with-debian-jessie-sid
	Python version: 3.6.7 | packaged by conda-forge | (default, Feb 28 2019, 09:07:38)  [GCC 7.3.0]
	dms_tools2 version: 2.5.0
	Bio version: 1.73
	HTSeq version: 0.11.2
	pandas version: 0.25.1
	numpy version: 1.16.4
	IPython version: 7.6.1
	jupyter version: 1.0.0
	matplotlib version: 3.1.1
	plotnine version: 0.6.0
	natsort version: 6.0.0
	pystan version: 2.16.0.0
	scipy version: 1.2.2
	seaborn version: 0.9.0
	phydmslib version: 2.3.3
	statsmodels version: 0.10.0
	rpy2 version: 2.9.4
	regex version: 2.5.33
	umi_tools version: 1.0.0

2019-08-27 16:00:54,607 - INFO - Parsed the following arguments:
	outdir = ./results/codoncounts
	ncpus = -1
	use_existing = yes
	refseq = ./data/BG505.W6.C2.T332N_env.fasta
	alignspecs = ['87,375,39,36', '376,666,36,39', '663,954,33,41', '955,1228,33,37', '1228,1527,34,35', '1527,1815,32,39', '1816,2098,36,41']
	bclen = 8
	fastqdir = ./results/FASTQ_files/
	R2 = None
	R1trim = [200]
	R2trim = [170]
	bclen2 = None
	chartype = codon
	maxmuts = 4
	minq = 15
	minreads = 2
	minfraccall = 0.95
	minconcur = 0.75
	sitemask = None
	purgeread = 0
	purgebc = 0
	bcinfo = False
	name = mut-DNA-rep3
	R1 = ['BG505_mut-DNA-rep3_R1.fastq.gz']

2019-08-27 16:00:54,634 - INFO - Read refseq of 2583 codons from ./data/BG505.W6.C2.T332N_env.fasta
2019-08-27 16:00:54,635 - INFO - Reads are in these FASTQ pairs:
	./results/FASTQ_files/BG505_mut-DNA-rep3_R1.fastq.gz and ./results/FASTQ_files/BG505_mut-DNA-rep3_R2.fastq.gz

2019-08-27 16:00:54,635 - INFO - Now parsing read pairs...
2019-08-27 16:01:03,297 - INFO - Reads parsed so far: 500000
2019-08-27 16:01:12,175 - INFO - Reads parsed so far: 1000000
2019-08-27 16:01:22,240 - INFO - Reads parsed so far: 1500000
2019-08-27 16:01:31,299 - INFO - Reads parsed so far: 2000000
2019-08-27 16:01:40,166 - INFO - Reads parsed so far: 2500000
2019-08-27 16:01:47,793 - INFO - Reads parsed so far: 3000000
2019-08-27 16:01:56,841 - INFO - Reads parsed so far: 3500000
2019-08-27 16:02:04,626 - INFO - Reads parsed so far: 4000000
2019-08-27 16:02:13,999 - INFO - Reads parsed so far: 4500000
2019-08-27 16:02:21,619 - INFO - Reads parsed so far: 5000000
2019-08-27 16:02:31,392 - INFO - Reads parsed so far: 5500000
2019-08-27 16:02:39,056 - INFO - Reads parsed so far: 6000000
2019-08-27 16:02:46,759 - INFO - Reads parsed so far: 6500000
2019-08-27 16:02:57,210 - INFO - Reads parsed so far: 7000000
2019-08-27 16:03:04,838 - INFO - Reads parsed so far: 7500000
2019-08-27 16:03:12,480 - INFO - Reads parsed so far: 8000000
2019-08-27 16:03:20,407 - INFO - Reads parsed so far: 8500000
2019-08-27 16:03:28,111 - INFO - Reads parsed so far: 9000000
2019-08-27 16:03:39,504 - INFO - Reads parsed so far: 9500000
2019-08-27 16:03:47,237 - INFO - Reads parsed so far: 10000000
2019-08-27 16:03:54,962 - INFO - Reads parsed so far: 10500000
2019-08-27 16:04:02,666 - INFO - Reads parsed so far: 11000000
2019-08-27 16:04:10,443 - INFO - Reads parsed so far: 11500000
2019-08-27 16:04:18,183 - INFO - Reads parsed so far: 12000000
2019-08-27 16:04:25,923 - INFO - Reads parsed so far: 12500000
2019-08-27 16:04:38,776 - INFO - Reads parsed so far: 13000000
2019-08-27 16:04:46,516 - INFO - Reads parsed so far: 13500000
2019-08-27 16:04:54,327 - INFO - Reads parsed so far: 14000000
2019-08-27 16:05:02,066 - INFO - Reads parsed so far: 14500000
2019-08-27 16:05:09,768 - INFO - Reads parsed so far: 15000000
2019-08-27 16:05:17,508 - INFO - Reads parsed so far: 15500000
2019-08-27 16:05:25,270 - INFO - Reads parsed so far: 16000000
2019-08-27 16:05:33,037 - INFO - Reads parsed so far: 16500000
2019-08-27 16:05:40,799 - INFO - Reads parsed so far: 17000000
2019-08-27 16:05:48,574 - INFO - Reads parsed so far: 17500000
2019-08-27 16:05:56,368 - INFO - Reads parsed so far: 18000000
2019-08-27 16:06:11,183 - INFO - Reads parsed so far: 18500000
2019-08-27 16:06:14,109 - INFO - Parsed 18688204 reads, found 9548961 unique barcodes.
2019-08-27 16:06:14,113 - INFO - Summary stats on reads:
    total  fail filter  low Q barcode
 18688204            0        2089323
2019-08-27 16:06:14,113 - INFO - Writing these stats to ./results/codoncounts/mut-DNA-rep3_readstats.csv

2019-08-27 16:06:16,248 - INFO - Number of reads per barcode:
                 number of barcodes
number of reads                    
1                           5837325
2                           1771552
3                           1065985
4                            528570
5                            223021
6                             83237
7                             27422
8                              8420
9                              2415
10                              729
11                              214
12                               48
13                               13
14                                6
15                                1
16                                1
18                                1
119                               1
2019-08-27 16:06:16,248 - INFO - Writing these stats to ./results/codoncounts/mut-DNA-rep3_readsperbc.csv

2019-08-27 16:06:16,252 - INFO - Examining the 9548961 barcodes to build and align subamplicons...
2019-08-27 16:06:26,170 - INFO - Barcodes examined so far: 200000
2019-08-27 16:06:36,013 - INFO - Barcodes examined so far: 400000
2019-08-27 16:06:45,897 - INFO - Barcodes examined so far: 600000
2019-08-27 16:06:55,681 - INFO - Barcodes examined so far: 800000
2019-08-27 16:07:05,350 - INFO - Barcodes examined so far: 1000000
2019-08-27 16:07:14,855 - INFO - Barcodes examined so far: 1200000
2019-08-27 16:07:24,229 - INFO - Barcodes examined so far: 1400000
2019-08-27 16:07:33,466 - INFO - Barcodes examined so far: 1600000
2019-08-27 16:07:42,649 - INFO - Barcodes examined so far: 1800000
2019-08-27 16:07:51,569 - INFO - Barcodes examined so far: 2000000
2019-08-27 16:08:00,284 - INFO - Barcodes examined so far: 2200000
2019-08-27 16:08:08,535 - INFO - Barcodes examined so far: 2400000
2019-08-27 16:08:16,917 - INFO - Barcodes examined so far: 2600000
2019-08-27 16:08:25,196 - INFO - Barcodes examined so far: 2800000
2019-08-27 16:08:33,373 - INFO - Barcodes examined so far: 3000000
2019-08-27 16:08:41,384 - INFO - Barcodes examined so far: 3200000
2019-08-27 16:08:49,301 - INFO - Barcodes examined so far: 3400000
2019-08-27 16:08:56,916 - INFO - Barcodes examined so far: 3600000
2019-08-27 16:09:04,333 - INFO - Barcodes examined so far: 3800000
2019-08-27 16:09:11,653 - INFO - Barcodes examined so far: 4000000
2019-08-27 16:09:18,849 - INFO - Barcodes examined so far: 4200000
2019-08-27 16:09:25,808 - INFO - Barcodes examined so far: 4400000
2019-08-27 16:09:32,634 - INFO - Barcodes examined so far: 4600000
2019-08-27 16:09:39,052 - INFO - Barcodes examined so far: 4800000
2019-08-27 16:09:45,116 - INFO - Barcodes examined so far: 5000000
2019-08-27 16:09:50,963 - INFO - Barcodes examined so far: 5200000
2019-08-27 16:09:56,554 - INFO - Barcodes examined so far: 5400000
2019-08-27 16:10:02,043 - INFO - Barcodes examined so far: 5600000
2019-08-27 16:10:07,288 - INFO - Barcodes examined so far: 5800000
2019-08-27 16:10:12,549 - INFO - Barcodes examined so far: 6000000
2019-08-27 16:10:17,464 - INFO - Barcodes examined so far: 6200000
2019-08-27 16:10:22,122 - INFO - Barcodes examined so far: 6400000
2019-08-27 16:10:26,517 - INFO - Barcodes examined so far: 6600000
2019-08-27 16:10:30,687 - INFO - Barcodes examined so far: 6800000
2019-08-27 16:10:34,628 - INFO - Barcodes examined so far: 7000000
2019-08-27 16:10:38,230 - INFO - Barcodes examined so far: 7200000
2019-08-27 16:10:41,572 - INFO - Barcodes examined so far: 7400000
2019-08-27 16:10:44,651 - INFO - Barcodes examined so far: 7600000
2019-08-27 16:10:47,481 - INFO - Barcodes examined so far: 7800000
2019-08-27 16:10:50,030 - INFO - Barcodes examined so far: 8000000
2019-08-27 16:10:52,199 - INFO - Barcodes examined so far: 8200000
2019-08-27 16:10:54,139 - INFO - Barcodes examined so far: 8400000
2019-08-27 16:10:55,810 - INFO - Barcodes examined so far: 8600000
2019-08-27 16:10:57,180 - INFO - Barcodes examined so far: 8800000
2019-08-27 16:10:58,222 - INFO - Barcodes examined so far: 9000000
2019-08-27 16:10:58,965 - INFO - Barcodes examined so far: 9200000
2019-08-27 16:10:59,436 - INFO - Barcodes examined so far: 9400000
2019-08-27 16:10:59,581 - INFO - Examined all barcodes. Summary stats:
   total  too few reads  not alignable  aligned
 9548961        5837325        1486671  2224965
2019-08-27 16:10:59,581 - INFO - Writing these stats to ./results/codoncounts/mut-DNA-rep3_bcstats.csv

2019-08-27 16:10:59,612 - INFO - Writing the counts of each codon identity at each site to ./results/codoncounts/mut-DNA-rep3_codoncounts.csv

2019-08-27 16:10:59,654 - INFO - Successful completion of dms2_bcsubamp
