2019-08-27 16:03:37,029 - INFO - Beginning execution of dms2_bcsubamp in directory /fh/fast/bloom_j/computational_notebooks/adingens/2019/MAP_118

2019-08-27 16:03:37,029 - INFO - Progress is being logged to ./results/codoncounts/mut-DNA-rep1.log
2019-08-27 16:03:37,040 - INFO - Version information:
	Time and date: Tue Aug 27 16:03:37 2019
	Platform: Linux-3.13.0-168-generic-x86_64-with-debian-jessie-sid
	Python version: 3.6.7 | packaged by conda-forge | (default, Feb 28 2019, 09:07:38)  [GCC 7.3.0]
	dms_tools2 version: 2.5.0
	Bio version: 1.73
	HTSeq version: 0.11.2
	pandas version: 0.25.1
	numpy version: 1.16.4
	IPython version: 7.6.1
	jupyter version: 1.0.0
	matplotlib version: 3.1.1
	plotnine version: 0.6.0
	natsort version: 6.0.0
	pystan version: 2.16.0.0
	scipy version: 1.2.2
	seaborn version: 0.9.0
	phydmslib version: 2.3.3
	statsmodels version: 0.10.0
	rpy2 version: 2.9.4
	regex version: 2.5.33
	umi_tools version: 1.0.0

2019-08-27 16:03:37,040 - INFO - Parsed the following arguments:
	outdir = ./results/codoncounts
	ncpus = -1
	use_existing = yes
	refseq = ./data/BG505.W6.C2.T332N_env.fasta
	alignspecs = ['87,375,39,36', '376,666,36,39', '663,954,33,41', '955,1228,33,37', '1228,1527,34,35', '1527,1815,32,39', '1816,2098,36,41']
	bclen = 8
	fastqdir = ./results/FASTQ_files/
	R2 = None
	R1trim = [200]
	R2trim = [170]
	bclen2 = None
	chartype = codon
	maxmuts = 4
	minq = 15
	minreads = 2
	minfraccall = 0.95
	minconcur = 0.75
	sitemask = None
	purgeread = 0
	purgebc = 0
	bcinfo = False
	name = mut-DNA-rep1
	R1 = ['BG505_mut-DNA-rep1_R1.fastq.gz']

2019-08-27 16:03:37,072 - INFO - Read refseq of 2583 codons from ./data/BG505.W6.C2.T332N_env.fasta
2019-08-27 16:03:37,073 - INFO - Reads are in these FASTQ pairs:
	./results/FASTQ_files/BG505_mut-DNA-rep1_R1.fastq.gz and ./results/FASTQ_files/BG505_mut-DNA-rep1_R2.fastq.gz

2019-08-27 16:03:37,073 - INFO - Now parsing read pairs...
2019-08-27 16:03:46,030 - INFO - Reads parsed so far: 500000
2019-08-27 16:03:54,800 - INFO - Reads parsed so far: 1000000
2019-08-27 16:04:03,581 - INFO - Reads parsed so far: 1500000
2019-08-27 16:04:12,099 - INFO - Reads parsed so far: 2000000
2019-08-27 16:04:20,799 - INFO - Reads parsed so far: 2500000
2019-08-27 16:04:28,429 - INFO - Reads parsed so far: 3000000
2019-08-27 16:04:37,294 - INFO - Reads parsed so far: 3500000
2019-08-27 16:04:45,092 - INFO - Reads parsed so far: 4000000
2019-08-27 16:04:54,285 - INFO - Reads parsed so far: 4500000
2019-08-27 16:05:01,953 - INFO - Reads parsed so far: 5000000
2019-08-27 16:05:11,668 - INFO - Reads parsed so far: 5500000
2019-08-27 16:05:19,407 - INFO - Reads parsed so far: 6000000
2019-08-27 16:05:27,077 - INFO - Reads parsed so far: 6500000
2019-08-27 16:05:37,315 - INFO - Reads parsed so far: 7000000
2019-08-27 16:05:45,017 - INFO - Reads parsed so far: 7500000
2019-08-27 16:05:52,773 - INFO - Reads parsed so far: 8000000
2019-08-27 16:06:00,524 - INFO - Reads parsed so far: 8500000
2019-08-27 16:06:08,513 - INFO - Reads parsed so far: 9000000
2019-08-27 16:06:16,258 - INFO - Reads parsed so far: 9500000
2019-08-27 16:06:27,618 - INFO - Reads parsed so far: 10000000
2019-08-27 16:06:35,370 - INFO - Reads parsed so far: 10500000
2019-08-27 16:06:43,058 - INFO - Reads parsed so far: 11000000
2019-08-27 16:06:50,745 - INFO - Reads parsed so far: 11500000
2019-08-27 16:06:58,461 - INFO - Reads parsed so far: 12000000
2019-08-27 16:07:06,230 - INFO - Reads parsed so far: 12500000
2019-08-27 16:07:13,860 - INFO - Reads parsed so far: 13000000
2019-08-27 16:07:26,531 - INFO - Reads parsed so far: 13500000
2019-08-27 16:07:34,266 - INFO - Reads parsed so far: 14000000
2019-08-27 16:07:41,949 - INFO - Reads parsed so far: 14500000
2019-08-27 16:07:49,559 - INFO - Reads parsed so far: 15000000
2019-08-27 16:07:57,173 - INFO - Reads parsed so far: 15500000
2019-08-27 16:08:04,872 - INFO - Reads parsed so far: 16000000
2019-08-27 16:08:12,560 - INFO - Reads parsed so far: 16500000
2019-08-27 16:08:15,279 - INFO - Parsed 16676177 reads, found 8671374 unique barcodes.
2019-08-27 16:08:15,284 - INFO - Summary stats on reads:
    total  fail filter  low Q barcode
 16676177            0        1761060
2019-08-27 16:08:15,284 - INFO - Writing these stats to ./results/codoncounts/mut-DNA-rep1_readstats.csv

2019-08-27 16:08:17,207 - INFO - Number of reads per barcode:
                 number of barcodes
number of reads                    
1                           5251027
2                           1719984
3                            975703
4                            454260
5                            180326
6                             62765
7                             19605
8                              5631
9                              1538
10                              398
11                              102
12                               23
13                                9
14                                2
105                               1
2019-08-27 16:08:17,207 - INFO - Writing these stats to ./results/codoncounts/mut-DNA-rep1_readsperbc.csv

2019-08-27 16:08:17,211 - INFO - Examining the 8671374 barcodes to build and align subamplicons...
2019-08-27 16:08:26,816 - INFO - Barcodes examined so far: 200000
2019-08-27 16:08:36,325 - INFO - Barcodes examined so far: 400000
2019-08-27 16:08:45,672 - INFO - Barcodes examined so far: 600000
2019-08-27 16:08:54,943 - INFO - Barcodes examined so far: 800000
2019-08-27 16:09:04,103 - INFO - Barcodes examined so far: 1000000
2019-08-27 16:09:13,170 - INFO - Barcodes examined so far: 1200000
2019-08-27 16:09:22,187 - INFO - Barcodes examined so far: 1400000
2019-08-27 16:09:31,165 - INFO - Barcodes examined so far: 1600000
2019-08-27 16:09:39,693 - INFO - Barcodes examined so far: 1800000
2019-08-27 16:09:47,938 - INFO - Barcodes examined so far: 2000000
2019-08-27 16:09:56,043 - INFO - Barcodes examined so far: 2200000
2019-08-27 16:10:04,065 - INFO - Barcodes examined so far: 2400000
2019-08-27 16:10:11,962 - INFO - Barcodes examined so far: 2600000
2019-08-27 16:10:19,736 - INFO - Barcodes examined so far: 2800000
2019-08-27 16:10:27,428 - INFO - Barcodes examined so far: 3000000
2019-08-27 16:10:34,920 - INFO - Barcodes examined so far: 3200000
2019-08-27 16:10:42,175 - INFO - Barcodes examined so far: 3400000
2019-08-27 16:10:49,218 - INFO - Barcodes examined so far: 3600000
2019-08-27 16:10:56,116 - INFO - Barcodes examined so far: 3800000
2019-08-27 16:11:02,833 - INFO - Barcodes examined so far: 4000000
2019-08-27 16:11:09,441 - INFO - Barcodes examined so far: 4200000
2019-08-27 16:11:15,808 - INFO - Barcodes examined so far: 4400000
2019-08-27 16:11:21,884 - INFO - Barcodes examined so far: 4600000
2019-08-27 16:11:27,691 - INFO - Barcodes examined so far: 4800000
2019-08-27 16:11:33,317 - INFO - Barcodes examined so far: 5000000
2019-08-27 16:11:38,698 - INFO - Barcodes examined so far: 5200000
2019-08-27 16:11:43,870 - INFO - Barcodes examined so far: 5400000
2019-08-27 16:11:48,713 - INFO - Barcodes examined so far: 5600000
2019-08-27 16:11:53,282 - INFO - Barcodes examined so far: 5800000
2019-08-27 16:11:57,635 - INFO - Barcodes examined so far: 6000000
2019-08-27 16:12:01,811 - INFO - Barcodes examined so far: 6200000
2019-08-27 16:12:05,723 - INFO - Barcodes examined so far: 6400000
2019-08-27 16:12:09,302 - INFO - Barcodes examined so far: 6600000
2019-08-27 16:12:12,586 - INFO - Barcodes examined so far: 6800000
2019-08-27 16:12:15,613 - INFO - Barcodes examined so far: 7000000
2019-08-27 16:12:18,384 - INFO - Barcodes examined so far: 7200000
2019-08-27 16:12:20,736 - INFO - Barcodes examined so far: 7400000
2019-08-27 16:12:22,764 - INFO - Barcodes examined so far: 7600000
2019-08-27 16:12:24,504 - INFO - Barcodes examined so far: 7800000
2019-08-27 16:12:25,936 - INFO - Barcodes examined so far: 8000000
2019-08-27 16:12:27,015 - INFO - Barcodes examined so far: 8200000
2019-08-27 16:12:27,747 - INFO - Barcodes examined so far: 8400000
2019-08-27 16:12:28,136 - INFO - Barcodes examined so far: 8600000
2019-08-27 16:12:28,188 - INFO - Examined all barcodes. Summary stats:
   total  too few reads  not alignable  aligned
 8671374        5251027        1349216  2071131
2019-08-27 16:12:28,188 - INFO - Writing these stats to ./results/codoncounts/mut-DNA-rep1_bcstats.csv

2019-08-27 16:12:28,226 - INFO - Writing the counts of each codon identity at each site to ./results/codoncounts/mut-DNA-rep1_codoncounts.csv

2019-08-27 16:12:28,272 - INFO - Successful completion of dms2_bcsubamp
