2019-08-27 16:03:45,635 - INFO - Beginning execution of dms2_bcsubamp in directory /fh/fast/bloom_j/computational_notebooks/adingens/2019/MAP_118

2019-08-27 16:03:45,635 - INFO - Progress is being logged to ./results/codoncounts/mut-virus-rep3b-3BNC117-4ug.log
2019-08-27 16:03:45,639 - INFO - Version information:
	Time and date: Tue Aug 27 16:03:45 2019
	Platform: Linux-3.13.0-168-generic-x86_64-with-debian-jessie-sid
	Python version: 3.6.7 | packaged by conda-forge | (default, Feb 28 2019, 09:07:38)  [GCC 7.3.0]
	dms_tools2 version: 2.5.0
	Bio version: 1.73
	HTSeq version: 0.11.2
	pandas version: 0.25.1
	numpy version: 1.16.4
	IPython version: 7.6.1
	jupyter version: 1.0.0
	matplotlib version: 3.1.1
	plotnine version: 0.6.0
	natsort version: 6.0.0
	pystan version: 2.16.0.0
	scipy version: 1.2.2
	seaborn version: 0.9.0
	phydmslib version: 2.3.3
	statsmodels version: 0.10.0
	rpy2 version: 2.9.4
	regex version: 2.5.33
	umi_tools version: 1.0.0

2019-08-27 16:03:45,639 - INFO - Parsed the following arguments:
	outdir = ./results/codoncounts
	ncpus = -1
	use_existing = yes
	refseq = ./data/BG505.W6.C2.T332N_env.fasta
	alignspecs = ['87,375,39,36', '376,666,36,39', '663,954,33,41', '955,1228,33,37', '1228,1527,34,35', '1527,1815,32,39', '1816,2098,36,41']
	bclen = 8
	fastqdir = ./results/FASTQ_files/
	R2 = None
	R1trim = [200]
	R2trim = [170]
	bclen2 = None
	chartype = codon
	maxmuts = 4
	minq = 15
	minreads = 2
	minfraccall = 0.95
	minconcur = 0.75
	sitemask = None
	purgeread = 0
	purgebc = 0
	bcinfo = False
	name = mut-virus-rep3b-3BNC117-4ug
	R1 = ['BG505_mut-virus-rep3b-3BNC117-4ug_R1.fastq.gz']

2019-08-27 16:03:45,658 - INFO - Read refseq of 2583 codons from ./data/BG505.W6.C2.T332N_env.fasta
2019-08-27 16:03:45,659 - INFO - Reads are in these FASTQ pairs:
	./results/FASTQ_files/BG505_mut-virus-rep3b-3BNC117-4ug_R1.fastq.gz and ./results/FASTQ_files/BG505_mut-virus-rep3b-3BNC117-4ug_R2.fastq.gz

2019-08-27 16:03:45,659 - INFO - Now parsing read pairs...
2019-08-27 16:03:54,395 - INFO - Reads parsed so far: 500000
2019-08-27 16:04:02,626 - INFO - Reads parsed so far: 1000000
2019-08-27 16:04:10,632 - INFO - Reads parsed so far: 1500000
2019-08-27 16:04:18,764 - INFO - Reads parsed so far: 2000000
2019-08-27 16:04:26,249 - INFO - Reads parsed so far: 2500000
2019-08-27 16:04:34,656 - INFO - Reads parsed so far: 3000000
2019-08-27 16:04:39,894 - INFO - Parsed 3348919 reads, found 1319646 unique barcodes.
2019-08-27 16:04:39,898 - INFO - Summary stats on reads:
   total  fail filter  low Q barcode
 3348919            0         353954
2019-08-27 16:04:39,898 - INFO - Writing these stats to ./results/codoncounts/mut-virus-rep3b-3BNC117-4ug_readstats.csv

2019-08-27 16:04:40,168 - INFO - Number of reads per barcode:
                 number of barcodes
number of reads                    
1                            524366
2                            324146
3                            231602
4                            133741
5                             64102
6                             26849
7                             10010
8                              3304
9                              1056
10                              320
11                              105
12                               26
13                               10
14                                6
15                                2
16                                1
2019-08-27 16:04:40,168 - INFO - Writing these stats to ./results/codoncounts/mut-virus-rep3b-3BNC117-4ug_readsperbc.csv

2019-08-27 16:04:40,175 - INFO - Examining the 1319646 barcodes to build and align subamplicons...
2019-08-27 16:04:52,002 - INFO - Barcodes examined so far: 200000
2019-08-27 16:05:03,204 - INFO - Barcodes examined so far: 400000
2019-08-27 16:05:13,708 - INFO - Barcodes examined so far: 600000
2019-08-27 16:05:23,240 - INFO - Barcodes examined so far: 800000
2019-08-27 16:05:31,181 - INFO - Barcodes examined so far: 1000000
2019-08-27 16:05:36,436 - INFO - Barcodes examined so far: 1200000
2019-08-27 16:05:37,493 - INFO - Examined all barcodes. Summary stats:
   total  too few reads  not alignable  aligned
 1319646         524366          84997   710283
2019-08-27 16:05:37,494 - INFO - Writing these stats to ./results/codoncounts/mut-virus-rep3b-3BNC117-4ug_bcstats.csv

2019-08-27 16:05:37,516 - INFO - Writing the counts of each codon identity at each site to ./results/codoncounts/mut-virus-rep3b-3BNC117-4ug_codoncounts.csv

2019-08-27 16:05:37,562 - INFO - Successful completion of dms2_bcsubamp
