2019-08-27 15:59:13,372 - INFO - Beginning execution of dms2_bcsubamp in directory /fh/fast/bloom_j/computational_notebooks/adingens/2019/MAP_118

2019-08-27 15:59:13,373 - INFO - Progress is being logged to ./results/codoncounts/mut-virus-rep2b-3BNC117-4ug.log
2019-08-27 15:59:13,379 - INFO - Version information:
	Time and date: Tue Aug 27 15:59:13 2019
	Platform: Linux-3.13.0-168-generic-x86_64-with-debian-jessie-sid
	Python version: 3.6.7 | packaged by conda-forge | (default, Feb 28 2019, 09:07:38)  [GCC 7.3.0]
	dms_tools2 version: 2.5.0
	Bio version: 1.73
	HTSeq version: 0.11.2
	pandas version: 0.25.1
	numpy version: 1.16.4
	IPython version: 7.6.1
	jupyter version: 1.0.0
	matplotlib version: 3.1.1
	plotnine version: 0.6.0
	natsort version: 6.0.0
	pystan version: 2.16.0.0
	scipy version: 1.2.2
	seaborn version: 0.9.0
	phydmslib version: 2.3.3
	statsmodels version: 0.10.0
	rpy2 version: 2.9.4
	regex version: 2.5.33
	umi_tools version: 1.0.0

2019-08-27 15:59:13,379 - INFO - Parsed the following arguments:
	outdir = ./results/codoncounts
	ncpus = -1
	use_existing = yes
	refseq = ./data/BG505.W6.C2.T332N_env.fasta
	alignspecs = ['87,375,39,36', '376,666,36,39', '663,954,33,41', '955,1228,33,37', '1228,1527,34,35', '1527,1815,32,39', '1816,2098,36,41']
	bclen = 8
	fastqdir = ./results/FASTQ_files/
	R2 = None
	R1trim = [200]
	R2trim = [170]
	bclen2 = None
	chartype = codon
	maxmuts = 4
	minq = 15
	minreads = 2
	minfraccall = 0.95
	minconcur = 0.75
	sitemask = None
	purgeread = 0
	purgebc = 0
	bcinfo = False
	name = mut-virus-rep2b-3BNC117-4ug
	R1 = ['BG505_mut-virus-rep2b-3BNC117-4ug_R1.fastq.gz']

2019-08-27 15:59:13,524 - INFO - Read refseq of 2583 codons from ./data/BG505.W6.C2.T332N_env.fasta
2019-08-27 15:59:13,548 - INFO - Reads are in these FASTQ pairs:
	./results/FASTQ_files/BG505_mut-virus-rep2b-3BNC117-4ug_R1.fastq.gz and ./results/FASTQ_files/BG505_mut-virus-rep2b-3BNC117-4ug_R2.fastq.gz

2019-08-27 15:59:13,549 - INFO - Now parsing read pairs...
2019-08-27 15:59:22,854 - INFO - Reads parsed so far: 500000
2019-08-27 15:59:31,467 - INFO - Reads parsed so far: 1000000
2019-08-27 15:59:40,186 - INFO - Reads parsed so far: 1500000
2019-08-27 15:59:47,768 - INFO - Reads parsed so far: 2000000
2019-08-27 15:59:56,181 - INFO - Reads parsed so far: 2500000
2019-08-27 16:00:03,822 - INFO - Reads parsed so far: 3000000
2019-08-27 16:00:12,500 - INFO - Reads parsed so far: 3500000
2019-08-27 16:00:20,063 - INFO - Reads parsed so far: 4000000
2019-08-27 16:00:27,592 - INFO - Reads parsed so far: 4500000
2019-08-27 16:00:35,024 - INFO - Reads parsed so far: 5000000
2019-08-27 16:00:35,315 - INFO - Parsed 5019567 reads, found 1917185 unique barcodes.
2019-08-27 16:00:35,320 - INFO - Summary stats on reads:
   total  fail filter  low Q barcode
 5019567            0         362831
2019-08-27 16:00:35,320 - INFO - Writing these stats to ./results/codoncounts/mut-virus-rep2b-3BNC117-4ug_readstats.csv

2019-08-27 16:00:35,753 - INFO - Number of reads per barcode:
                 number of barcodes
number of reads                    
1                            746488
2                            408736
3                            329417
4                            216584
5                            119295
6                             57584
7                             24421
8                              9422
9                              3412
10                             1217
11                              408
12                              133
13                               43
14                               16
15                                6
17                                2
18                                1
2019-08-27 16:00:35,753 - INFO - Writing these stats to ./results/codoncounts/mut-virus-rep2b-3BNC117-4ug_readsperbc.csv

2019-08-27 16:00:35,762 - INFO - Examining the 1917185 barcodes to build and align subamplicons...
2019-08-27 16:00:48,017 - INFO - Barcodes examined so far: 200000
2019-08-27 16:01:00,357 - INFO - Barcodes examined so far: 400000
2019-08-27 16:01:12,890 - INFO - Barcodes examined so far: 600000
2019-08-27 16:01:23,633 - INFO - Barcodes examined so far: 800000
2019-08-27 16:01:33,781 - INFO - Barcodes examined so far: 1000000
2019-08-27 16:01:42,583 - INFO - Barcodes examined so far: 1200000
2019-08-27 16:01:49,679 - INFO - Barcodes examined so far: 1400000
2019-08-27 16:01:54,184 - INFO - Barcodes examined so far: 1600000
2019-08-27 16:01:59,385 - INFO - Barcodes examined so far: 1800000
2019-08-27 16:02:05,703 - INFO - Examined all barcodes. Summary stats:
   total  too few reads  not alignable  aligned
 1917185         746488         125423  1045274
2019-08-27 16:02:05,703 - INFO - Writing these stats to ./results/codoncounts/mut-virus-rep2b-3BNC117-4ug_bcstats.csv

2019-08-27 16:02:05,725 - INFO - Writing the counts of each codon identity at each site to ./results/codoncounts/mut-virus-rep2b-3BNC117-4ug_codoncounts.csv

2019-08-27 16:02:05,770 - INFO - Successful completion of dms2_bcsubamp
