2019-09-17 15:50:40,865 - INFO - Beginning execution of dms2_batch_bcsubamp in directory /fh/fast/bloom_j/computational_notebooks/adingens/2019/MAP_118

2019-09-17 15:50:40,865 - INFO - Progress is being logged to ./results/codoncounts/summary.log
2019-09-17 15:50:40,901 - INFO - Version information:
	Time and date: Tue Sep 17 15:50:40 2019
	Platform: Linux-3.13.0-168-generic-x86_64-with-debian-jessie-sid
	Python version: 3.6.7 | packaged by conda-forge | (default, Feb 28 2019, 09:07:38)  [GCC 7.3.0]
	dms_tools2 version: 2.5.1
	Bio version: 1.73
	pandas version: 0.25.1
	numpy version: 1.16.4
	IPython version: 7.6.1
	jupyter version: 1.0.0
	matplotlib version: 3.1.1
	plotnine version: 0.6.0
	natsort version: 6.0.0
	pystan version: 2.16.0.0
	scipy version: 1.2.2
	seaborn version: 0.9.0
	phydmslib version: 2.3.3
	statsmodels version: 0.10.0
	rpy2 version: 2.9.4
	regex version: 2.5.33
	umi_tools version: 1.0.0

2019-09-17 15:50:40,901 - INFO - Parsed the following arguments:
	outdir = ./results/codoncounts
	ncpus = 14
	use_existing = yes
	refseq = ./data/BG505.W6.C2.T332N_env.fasta
	alignspecs = ['87,375,39,36', '376,666,36,39', '663,954,33,41', '955,1228,33,37', '1228,1527,34,35', '1527,1815,32,39', '1816,2098,36,41']
	bclen = 8
	fastqdir = ./results/FASTQ_files/
	R2 = None
	R1trim = [200]
	R2trim = [170]
	bclen2 = None
	chartype = codon
	maxmuts = 4
	minq = 15
	minreads = 2
	minfraccall = 0.95
	minconcur = 0.75
	sitemask = None
	purgeread = 0
	purgebc = 0
	bcinfo = False
	batchfile = ./results/codoncounts/batch.csv
	summaryprefix = summary

2019-09-17 15:50:40,901 - INFO - Parsing sample info from ./results/codoncounts/batch.csv
2019-09-17 15:50:40,913 - INFO - Read the following sample information:
name,R1
mut-virus-rep3d,BG505_mut_virus_rep3d_R1.fastq.gz
mut-virus-rep2d,BG505_mut_virus_rep2d_R1.fastq.gz
mut-virus-rep2d-118-4ug,BG505_mut_virus_rep2d_1-18-4ug_R1.fastq.gz
mut-virus-rep2d-118-8ug,BG505_mut_virus_rep2d_1-18-8ug_R1.fastq.gz
mut-virus-rep3d-118-4ug,BG505_mut_virus_rep3d_1-18-4ug_R1.fastq.gz
mut-virus-rep3d-118-8ug,BG505_mut_virus_rep3d_1-18-8ug_R1.fastq.gz
mut-virus-rep3,BG505_mut-virus-rep3_R1.fastq.gz
mut-virus-rep2b-3BNC117-4ug,BG505_mut-virus-rep2b-3BNC117-4ug_R1.fastq.gz
mut-virus-rep1-VRC01-11ug,BG505_mut-virus-rep1-VRC01-11ug_R1.fastq.gz
mut-virus-rep3-3BNC117-1-1ug,BG505_mut-virus-rep3-3BNC117-1-1ug_R1.fastq.gz
mut-virus-rep3-VRC01-tr2-11ug,BG505_mut-virus-rep3-VRC01-tr2-11ug_R1.fastq.gz
mut-virus-rep2,BG505_mut-virus-rep2_R1.fastq.gz
wt-DNA-rep2,BG505_wt-DNA-rep2_R1.fastq.gz
mut-DNA-rep2,BG505_mut-DNA-rep2_R1.fastq.gz
mut-virus-rep2b,BG505_mut-virus-rep2b_R1.fastq.gz
mut-DNA-rep3,BG505_mut-DNA-rep3_R1.fastq.gz
mut-virus-rep2-VRC01-8ug,BG505_mut-virus-rep2-VRC01-8ug_R1.fastq.gz
wt-DNA-rep3,BG505_wt-DNA-rep3_R1.fastq.gz
mut-virus-rep2-VRC01-11ug,BG505_mut-virus-rep2-VRC01-11ug_R1.fastq.gz
mut-virus-rep3-VRC01-11ug,BG505_mut-virus-rep3-VRC01-11ug_R1.fastq.gz
wt-DNA-rep1,BG505_wt-DNA-rep1_R1.fastq.gz
mut-virus-rep2b-3BNC117-3ug,BG505_mut-virus-rep2b-3BNC117-3ug_R1.fastq.gz
mut-virus-rep1,BG505_mut-virus-rep1_R1.fastq.gz
mut-DNA-rep1,BG505_mut-DNA-rep1_R1.fastq.gz
mut-virus-rep3b-3BNC117-4ug,BG505_mut-virus-rep3b-3BNC117-4ug_R1.fastq.gz
mut-virus-rep1b-3BNC117-4ug,BG505_mut-virus-rep1b-3BNC117-4ug_R1.fastq.gz
mut-virus-rep1b,BG505_mut-virus-rep1b_R1.fastq.gz
mut-virus-rep3b,BG505_mut-virus-rep3b_R1.fastq.gz


2019-09-17 15:50:41,039 - INFO - Output files already exist and '--use_existing' is 'yes', so exiting with no further action.
