2019-08-27 16:01:04,598 - INFO - Beginning execution of dms2_bcsubamp in directory /fh/fast/bloom_j/computational_notebooks/adingens/2019/MAP_118

2019-08-27 16:01:04,598 - INFO - Progress is being logged to ./results/codoncounts/wt-DNA-rep3.log
2019-08-27 16:01:04,604 - INFO - Version information:
	Time and date: Tue Aug 27 16:01:04 2019
	Platform: Linux-3.13.0-168-generic-x86_64-with-debian-jessie-sid
	Python version: 3.6.7 | packaged by conda-forge | (default, Feb 28 2019, 09:07:38)  [GCC 7.3.0]
	dms_tools2 version: 2.5.0
	Bio version: 1.73
	HTSeq version: 0.11.2
	pandas version: 0.25.1
	numpy version: 1.16.4
	IPython version: 7.6.1
	jupyter version: 1.0.0
	matplotlib version: 3.1.1
	plotnine version: 0.6.0
	natsort version: 6.0.0
	pystan version: 2.16.0.0
	scipy version: 1.2.2
	seaborn version: 0.9.0
	phydmslib version: 2.3.3
	statsmodels version: 0.10.0
	rpy2 version: 2.9.4
	regex version: 2.5.33
	umi_tools version: 1.0.0

2019-08-27 16:01:04,604 - INFO - Parsed the following arguments:
	outdir = ./results/codoncounts
	ncpus = -1
	use_existing = yes
	refseq = ./data/BG505.W6.C2.T332N_env.fasta
	alignspecs = ['87,375,39,36', '376,666,36,39', '663,954,33,41', '955,1228,33,37', '1228,1527,34,35', '1527,1815,32,39', '1816,2098,36,41']
	bclen = 8
	fastqdir = ./results/FASTQ_files/
	R2 = None
	R1trim = [200]
	R2trim = [170]
	bclen2 = None
	chartype = codon
	maxmuts = 4
	minq = 15
	minreads = 2
	minfraccall = 0.95
	minconcur = 0.75
	sitemask = None
	purgeread = 0
	purgebc = 0
	bcinfo = False
	name = wt-DNA-rep3
	R1 = ['BG505_wt-DNA-rep3_R1.fastq.gz']

2019-08-27 16:01:04,634 - INFO - Read refseq of 2583 codons from ./data/BG505.W6.C2.T332N_env.fasta
2019-08-27 16:01:04,634 - INFO - Reads are in these FASTQ pairs:
	./results/FASTQ_files/BG505_wt-DNA-rep3_R1.fastq.gz and ./results/FASTQ_files/BG505_wt-DNA-rep3_R2.fastq.gz

2019-08-27 16:01:04,635 - INFO - Now parsing read pairs...
2019-08-27 16:01:13,417 - INFO - Reads parsed so far: 500000
2019-08-27 16:01:22,369 - INFO - Reads parsed so far: 1000000
2019-08-27 16:01:31,762 - INFO - Reads parsed so far: 1500000
2019-08-27 16:01:40,411 - INFO - Reads parsed so far: 2000000
2019-08-27 16:01:49,182 - INFO - Reads parsed so far: 2500000
2019-08-27 16:01:56,865 - INFO - Reads parsed so far: 3000000
2019-08-27 16:02:05,913 - INFO - Reads parsed so far: 3500000
2019-08-27 16:02:13,780 - INFO - Reads parsed so far: 4000000
2019-08-27 16:02:23,835 - INFO - Reads parsed so far: 4500000
2019-08-27 16:02:32,125 - INFO - Reads parsed so far: 5000000
2019-08-27 16:02:42,728 - INFO - Reads parsed so far: 5500000
2019-08-27 16:02:50,577 - INFO - Reads parsed so far: 6000000
2019-08-27 16:02:58,450 - INFO - Reads parsed so far: 6500000
2019-08-27 16:03:06,300 - INFO - Reads parsed so far: 7000000
2019-08-27 16:03:17,162 - INFO - Reads parsed so far: 7500000
2019-08-27 16:03:24,975 - INFO - Reads parsed so far: 8000000
2019-08-27 16:03:32,838 - INFO - Reads parsed so far: 8500000
2019-08-27 16:03:41,047 - INFO - Reads parsed so far: 9000000
2019-08-27 16:03:49,313 - INFO - Reads parsed so far: 9500000
2019-08-27 16:04:02,153 - INFO - Reads parsed so far: 10000000
2019-08-27 16:04:10,232 - INFO - Reads parsed so far: 10500000
2019-08-27 16:04:18,376 - INFO - Reads parsed so far: 11000000
2019-08-27 16:04:26,654 - INFO - Reads parsed so far: 11500000
2019-08-27 16:04:34,759 - INFO - Reads parsed so far: 12000000
2019-08-27 16:04:42,696 - INFO - Reads parsed so far: 12500000
2019-08-27 16:04:50,652 - INFO - Reads parsed so far: 13000000
2019-08-27 16:04:58,552 - INFO - Reads parsed so far: 13500000
2019-08-27 16:05:11,812 - INFO - Reads parsed so far: 14000000
2019-08-27 16:05:19,668 - INFO - Reads parsed so far: 14500000
2019-08-27 16:05:27,533 - INFO - Reads parsed so far: 15000000
2019-08-27 16:05:35,383 - INFO - Reads parsed so far: 15500000
2019-08-27 16:05:43,375 - INFO - Reads parsed so far: 16000000
2019-08-27 16:05:51,374 - INFO - Reads parsed so far: 16500000
2019-08-27 16:05:59,342 - INFO - Reads parsed so far: 17000000
2019-08-27 16:06:07,322 - INFO - Reads parsed so far: 17500000
2019-08-27 16:06:15,372 - INFO - Reads parsed so far: 18000000
2019-08-27 16:06:23,416 - INFO - Reads parsed so far: 18500000
2019-08-27 16:06:31,395 - INFO - Reads parsed so far: 19000000
2019-08-27 16:06:34,751 - INFO - Parsed 19208560 reads, found 9199112 unique barcodes.
2019-08-27 16:06:34,757 - INFO - Summary stats on reads:
    total  fail filter  low Q barcode
 19208560            0        2259190
2019-08-27 16:06:34,757 - INFO - Writing these stats to ./results/codoncounts/wt-DNA-rep3_readstats.csv

2019-08-27 16:06:36,944 - INFO - Number of reads per barcode:
                 number of barcodes
number of reads                    
1                           5448953
2                           1726074
3                           1039735
4                            525142
5                            236640
6                            101912
7                             47692
8                             26647
9                             16966
10                            11418
11                             7488
12                             4573
13                             2738
14                             1578
15                              784
16                              414
17                              177
18                               86
19                               50
20                               19
21                               12
22                                4
23                                4
24                                2
25                                1
27                                2
170                               1
2019-08-27 16:06:36,944 - INFO - Writing these stats to ./results/codoncounts/wt-DNA-rep3_readsperbc.csv

2019-08-27 16:06:36,948 - INFO - Examining the 9199112 barcodes to build and align subamplicons...
2019-08-27 16:06:47,153 - INFO - Barcodes examined so far: 200000
2019-08-27 16:06:57,137 - INFO - Barcodes examined so far: 400000
2019-08-27 16:07:06,969 - INFO - Barcodes examined so far: 600000
2019-08-27 16:07:16,592 - INFO - Barcodes examined so far: 800000
2019-08-27 16:07:26,196 - INFO - Barcodes examined so far: 1000000
2019-08-27 16:07:35,709 - INFO - Barcodes examined so far: 1200000
2019-08-27 16:07:45,032 - INFO - Barcodes examined so far: 1400000
2019-08-27 16:07:54,218 - INFO - Barcodes examined so far: 1600000
2019-08-27 16:08:03,366 - INFO - Barcodes examined so far: 1800000
2019-08-27 16:08:12,244 - INFO - Barcodes examined so far: 2000000
2019-08-27 16:08:20,952 - INFO - Barcodes examined so far: 2200000
2019-08-27 16:08:29,492 - INFO - Barcodes examined so far: 2400000
2019-08-27 16:08:37,908 - INFO - Barcodes examined so far: 2600000
2019-08-27 16:08:46,252 - INFO - Barcodes examined so far: 2800000
2019-08-27 16:08:54,442 - INFO - Barcodes examined so far: 3000000
2019-08-27 16:09:02,533 - INFO - Barcodes examined so far: 3200000
2019-08-27 16:09:10,253 - INFO - Barcodes examined so far: 3400000
2019-08-27 16:09:17,754 - INFO - Barcodes examined so far: 3600000
2019-08-27 16:09:25,106 - INFO - Barcodes examined so far: 3800000
2019-08-27 16:09:32,262 - INFO - Barcodes examined so far: 4000000
2019-08-27 16:09:39,121 - INFO - Barcodes examined so far: 4200000
2019-08-27 16:09:45,847 - INFO - Barcodes examined so far: 4400000
2019-08-27 16:09:52,260 - INFO - Barcodes examined so far: 4600000
2019-08-27 16:09:58,419 - INFO - Barcodes examined so far: 4800000
2019-08-27 16:10:04,320 - INFO - Barcodes examined so far: 5000000
2019-08-27 16:10:10,092 - INFO - Barcodes examined so far: 5200000
2019-08-27 16:10:15,670 - INFO - Barcodes examined so far: 5400000
2019-08-27 16:10:20,987 - INFO - Barcodes examined so far: 5600000
2019-08-27 16:10:26,021 - INFO - Barcodes examined so far: 5800000
2019-08-27 16:10:30,840 - INFO - Barcodes examined so far: 6000000
2019-08-27 16:10:35,451 - INFO - Barcodes examined so far: 6200000
2019-08-27 16:10:39,817 - INFO - Barcodes examined so far: 6400000
2019-08-27 16:10:43,842 - INFO - Barcodes examined so far: 6600000
2019-08-27 16:10:47,527 - INFO - Barcodes examined so far: 6800000
2019-08-27 16:10:50,953 - INFO - Barcodes examined so far: 7000000
2019-08-27 16:10:54,111 - INFO - Barcodes examined so far: 7200000
2019-08-27 16:10:56,933 - INFO - Barcodes examined so far: 7400000
2019-08-27 16:10:59,321 - INFO - Barcodes examined so far: 7600000
2019-08-27 16:11:01,458 - INFO - Barcodes examined so far: 7800000
2019-08-27 16:11:03,313 - INFO - Barcodes examined so far: 8000000
2019-08-27 16:11:04,833 - INFO - Barcodes examined so far: 8200000
2019-08-27 16:11:05,993 - INFO - Barcodes examined so far: 8400000
2019-08-27 16:11:06,841 - INFO - Barcodes examined so far: 8600000
2019-08-27 16:11:07,376 - INFO - Barcodes examined so far: 8800000
2019-08-27 16:11:17,851 - INFO - Barcodes examined so far: 9000000
2019-08-27 16:11:21,240 - INFO - Examined all barcodes. Summary stats:
   total  too few reads  not alignable  aligned
 9199112        5448953        1591028  2159131
2019-08-27 16:11:21,240 - INFO - Writing these stats to ./results/codoncounts/wt-DNA-rep3_bcstats.csv

2019-08-27 16:11:21,267 - INFO - Writing the counts of each codon identity at each site to ./results/codoncounts/wt-DNA-rep3_codoncounts.csv

2019-08-27 16:11:21,316 - INFO - Successful completion of dms2_bcsubamp
