2019-08-27 15:59:13,364 - INFO - Beginning execution of dms2_bcsubamp in directory /fh/fast/bloom_j/computational_notebooks/adingens/2019/MAP_118

2019-08-27 15:59:13,364 - INFO - Progress is being logged to ./results/codoncounts/wt-DNA-rep2.log
2019-08-27 15:59:13,369 - INFO - Version information:
	Time and date: Tue Aug 27 15:59:13 2019
	Platform: Linux-3.13.0-168-generic-x86_64-with-debian-jessie-sid
	Python version: 3.6.7 | packaged by conda-forge | (default, Feb 28 2019, 09:07:38)  [GCC 7.3.0]
	dms_tools2 version: 2.5.0
	Bio version: 1.73
	HTSeq version: 0.11.2
	pandas version: 0.25.1
	numpy version: 1.16.4
	IPython version: 7.6.1
	jupyter version: 1.0.0
	matplotlib version: 3.1.1
	plotnine version: 0.6.0
	natsort version: 6.0.0
	pystan version: 2.16.0.0
	scipy version: 1.2.2
	seaborn version: 0.9.0
	phydmslib version: 2.3.3
	statsmodels version: 0.10.0
	rpy2 version: 2.9.4
	regex version: 2.5.33
	umi_tools version: 1.0.0

2019-08-27 15:59:13,369 - INFO - Parsed the following arguments:
	outdir = ./results/codoncounts
	ncpus = -1
	use_existing = yes
	refseq = ./data/BG505.W6.C2.T332N_env.fasta
	alignspecs = ['87,375,39,36', '376,666,36,39', '663,954,33,41', '955,1228,33,37', '1228,1527,34,35', '1527,1815,32,39', '1816,2098,36,41']
	bclen = 8
	fastqdir = ./results/FASTQ_files/
	R2 = None
	R1trim = [200]
	R2trim = [170]
	bclen2 = None
	chartype = codon
	maxmuts = 4
	minq = 15
	minreads = 2
	minfraccall = 0.95
	minconcur = 0.75
	sitemask = None
	purgeread = 0
	purgebc = 0
	bcinfo = False
	name = wt-DNA-rep2
	R1 = ['BG505_wt-DNA-rep2_R1.fastq.gz']

2019-08-27 15:59:13,498 - INFO - Read refseq of 2583 codons from ./data/BG505.W6.C2.T332N_env.fasta
2019-08-27 15:59:13,511 - INFO - Reads are in these FASTQ pairs:
	./results/FASTQ_files/BG505_wt-DNA-rep2_R1.fastq.gz and ./results/FASTQ_files/BG505_wt-DNA-rep2_R2.fastq.gz

2019-08-27 15:59:13,511 - INFO - Now parsing read pairs...
2019-08-27 15:59:22,235 - INFO - Reads parsed so far: 500000
2019-08-27 15:59:30,799 - INFO - Reads parsed so far: 1000000
2019-08-27 15:59:39,507 - INFO - Reads parsed so far: 1500000
2019-08-27 15:59:47,930 - INFO - Reads parsed so far: 2000000
2019-08-27 15:59:56,540 - INFO - Reads parsed so far: 2500000
2019-08-27 16:00:04,607 - INFO - Reads parsed so far: 3000000
2019-08-27 16:00:13,962 - INFO - Reads parsed so far: 3500000
2019-08-27 16:00:22,123 - INFO - Reads parsed so far: 4000000
2019-08-27 16:00:31,601 - INFO - Reads parsed so far: 4500000
2019-08-27 16:00:39,275 - INFO - Reads parsed so far: 5000000
2019-08-27 16:00:49,227 - INFO - Reads parsed so far: 5500000
2019-08-27 16:00:57,185 - INFO - Reads parsed so far: 6000000
2019-08-27 16:01:05,175 - INFO - Reads parsed so far: 6500000
2019-08-27 16:01:13,001 - INFO - Reads parsed so far: 7000000
2019-08-27 16:01:23,499 - INFO - Reads parsed so far: 7500000
2019-08-27 16:01:31,237 - INFO - Reads parsed so far: 8000000
2019-08-27 16:01:39,009 - INFO - Reads parsed so far: 8500000
2019-08-27 16:01:47,085 - INFO - Reads parsed so far: 9000000
2019-08-27 16:01:54,864 - INFO - Reads parsed so far: 9500000
2019-08-27 16:02:06,426 - INFO - Reads parsed so far: 10000000
2019-08-27 16:02:14,240 - INFO - Reads parsed so far: 10500000
2019-08-27 16:02:22,098 - INFO - Reads parsed so far: 11000000
2019-08-27 16:02:29,962 - INFO - Reads parsed so far: 11500000
2019-08-27 16:02:37,757 - INFO - Reads parsed so far: 12000000
2019-08-27 16:02:45,570 - INFO - Reads parsed so far: 12500000
2019-08-27 16:02:53,393 - INFO - Reads parsed so far: 13000000
2019-08-27 16:03:01,260 - INFO - Reads parsed so far: 13500000
2019-08-27 16:03:14,490 - INFO - Reads parsed so far: 14000000
2019-08-27 16:03:22,266 - INFO - Reads parsed so far: 14500000
2019-08-27 16:03:30,141 - INFO - Reads parsed so far: 15000000
2019-08-27 16:03:37,954 - INFO - Reads parsed so far: 15500000
2019-08-27 16:03:46,346 - INFO - Reads parsed so far: 16000000
2019-08-27 16:03:54,689 - INFO - Reads parsed so far: 16500000
2019-08-27 16:04:02,907 - INFO - Reads parsed so far: 17000000
2019-08-27 16:04:11,026 - INFO - Reads parsed so far: 17500000
2019-08-27 16:04:19,255 - INFO - Reads parsed so far: 18000000
2019-08-27 16:04:23,771 - INFO - Parsed 18275799 reads, found 8849223 unique barcodes.
2019-08-27 16:04:23,776 - INFO - Summary stats on reads:
    total  fail filter  low Q barcode
 18275799            0        2023746
2019-08-27 16:04:23,776 - INFO - Writing these stats to ./results/codoncounts/wt-DNA-rep2_readstats.csv

2019-08-27 16:04:26,000 - INFO - Number of reads per barcode:
                 number of barcodes
number of reads                    
1                           5097441
2                           1703062
3                           1077936
4                            565766
5                            253866
6                             99488
7                             35143
8                             11504
9                              3577
10                             1010
11                              313
12                               77
13                               29
14                                7
15                                3
145                               1
2019-08-27 16:04:26,000 - INFO - Writing these stats to ./results/codoncounts/wt-DNA-rep2_readsperbc.csv

2019-08-27 16:04:26,003 - INFO - Examining the 8849223 barcodes to build and align subamplicons...
2019-08-27 16:04:36,891 - INFO - Barcodes examined so far: 200000
2019-08-27 16:04:47,600 - INFO - Barcodes examined so far: 400000
2019-08-27 16:04:58,176 - INFO - Barcodes examined so far: 600000
2019-08-27 16:05:08,656 - INFO - Barcodes examined so far: 800000
2019-08-27 16:05:19,006 - INFO - Barcodes examined so far: 1000000
2019-08-27 16:05:29,219 - INFO - Barcodes examined so far: 1200000
2019-08-27 16:05:39,339 - INFO - Barcodes examined so far: 1400000
2019-08-27 16:05:49,312 - INFO - Barcodes examined so far: 1600000
2019-08-27 16:05:59,180 - INFO - Barcodes examined so far: 1800000
2019-08-27 16:06:08,711 - INFO - Barcodes examined so far: 2000000
2019-08-27 16:06:18,150 - INFO - Barcodes examined so far: 2200000
2019-08-27 16:06:27,408 - INFO - Barcodes examined so far: 2400000
2019-08-27 16:06:36,525 - INFO - Barcodes examined so far: 2600000
2019-08-27 16:06:45,422 - INFO - Barcodes examined so far: 2800000
2019-08-27 16:06:54,278 - INFO - Barcodes examined so far: 3000000
2019-08-27 16:07:03,007 - INFO - Barcodes examined so far: 3200000
2019-08-27 16:07:11,520 - INFO - Barcodes examined so far: 3400000
2019-08-27 16:07:19,788 - INFO - Barcodes examined so far: 3600000
2019-08-27 16:07:27,934 - INFO - Barcodes examined so far: 3800000
2019-08-27 16:07:35,830 - INFO - Barcodes examined so far: 4000000
2019-08-27 16:07:43,496 - INFO - Barcodes examined so far: 4200000
2019-08-27 16:07:50,935 - INFO - Barcodes examined so far: 4400000
2019-08-27 16:07:58,175 - INFO - Barcodes examined so far: 4600000
2019-08-27 16:08:05,143 - INFO - Barcodes examined so far: 4800000
2019-08-27 16:08:11,835 - INFO - Barcodes examined so far: 5000000
2019-08-27 16:08:18,254 - INFO - Barcodes examined so far: 5200000
2019-08-27 16:08:24,403 - INFO - Barcodes examined so far: 5400000
2019-08-27 16:08:30,313 - INFO - Barcodes examined so far: 5600000
2019-08-27 16:08:35,840 - INFO - Barcodes examined so far: 5800000
2019-08-27 16:08:41,074 - INFO - Barcodes examined so far: 6000000
2019-08-27 16:08:46,072 - INFO - Barcodes examined so far: 6200000
2019-08-27 16:08:50,803 - INFO - Barcodes examined so far: 6400000
2019-08-27 16:08:55,299 - INFO - Barcodes examined so far: 6600000
2019-08-27 16:08:59,380 - INFO - Barcodes examined so far: 6800000
2019-08-27 16:09:03,085 - INFO - Barcodes examined so far: 7000000
2019-08-27 16:09:06,484 - INFO - Barcodes examined so far: 7200000
2019-08-27 16:09:09,571 - INFO - Barcodes examined so far: 7400000
2019-08-27 16:09:12,276 - INFO - Barcodes examined so far: 7600000
2019-08-27 16:09:14,547 - INFO - Barcodes examined so far: 7800000
2019-08-27 16:09:16,515 - INFO - Barcodes examined so far: 8000000
2019-08-27 16:09:18,103 - INFO - Barcodes examined so far: 8200000
2019-08-27 16:09:19,256 - INFO - Barcodes examined so far: 8400000
2019-08-27 16:09:20,048 - INFO - Barcodes examined so far: 8600000
2019-08-27 16:09:20,432 - INFO - Barcodes examined so far: 8800000
2019-08-27 16:09:20,467 - INFO - Examined all barcodes. Summary stats:
   total  too few reads  not alignable  aligned
 8849223        5097441        1449987  2301795
2019-08-27 16:09:20,467 - INFO - Writing these stats to ./results/codoncounts/wt-DNA-rep2_bcstats.csv

2019-08-27 16:09:20,493 - INFO - Writing the counts of each codon identity at each site to ./results/codoncounts/wt-DNA-rep2_codoncounts.csv

2019-08-27 16:09:20,549 - INFO - Successful completion of dms2_bcsubamp
