2019-08-30 11:23:40,377 - INFO - Beginning execution of dms2_logoplot in directory /fh/fast/bloom_j/computational_notebooks/adingens/2019/MAP_118

2019-08-30 11:23:40,377 - INFO - Progress is being logged to ./results/fracsurvive/118-median.log
2019-08-30 11:23:40,380 - INFO - Version information:
	Time and date: Fri Aug 30 11:23:40 2019
	Platform: Linux-3.13.0-143-generic-x86_64-with-debian-jessie-sid
	Python version: 3.6.7 | packaged by conda-forge | (default, Feb 28 2019, 09:07:38)  [GCC 7.3.0]
	dms_tools2 version: 2.5.1
	Bio version: 1.73
	pandas version: 0.25.1
	numpy version: 1.16.4
	IPython version: 7.6.1
	jupyter version: 1.0.0
	matplotlib version: 3.1.1
	plotnine version: 0.6.0
	natsort version: 6.0.0
	pystan version: 2.16.0.0
	scipy version: 1.2.2
	seaborn version: 0.9.0
	phydmslib version: 2.3.3
	statsmodels version: 0.10.0
	rpy2 version: 2.9.4
	regex version: 2.5.33
	umi_tools version: 1.0.0

2019-08-30 11:23:40,380 - INFO - Parsed the following arguments:
	outdir = ./results/fracsurvive
	ncpus = -1
	use_existing = yes
	prefs = None
	diffsel = None
	fracsurvive = ./results/fracsurvive/summary_118-medianmutfracsurvive.csv
	diffprefs = None
	muteffects = None
	name = 118-median
	nperline = 84
	numberevery = 10
	excludestop = no
	stringency = 1
	restrictdiffsel = all
	diffselrange = None
	muteffectrange = None
	fracsurvivemax = None
	sortsites = yes
	mapmetric = functionalgroup
	colormap = jet
	overlay1 = ['./results/fracsurvive/summary_118-medianmutfracsurvive.csv', 'wildtype', 'wildtype']
	overlay2 = None
	overlay3 = None
	underlay = yes
	scalebar = ['0.03', 'fraction surviving = 0.03']
	overlaycolormap = jet
	letterheight = 1
	ignore_extracols = no
	sepline = no

2019-08-30 11:23:40,382 - INFO - Reading fracsurvive from file ./results/fracsurvive/summary_118-medianmutfracsurvive.csv...
2019-08-30 11:23:40,404 - INFO - Read data for 670 sites.

2019-08-30 11:23:40,450 - INFO - Reading overlay for wildtype from ./results/fracsurvive/summary_118-medianmutfracsurvive.csv...
2019-08-30 11:23:40,464 - INFO - Read overlay for 670 sites.

2019-08-30 11:23:40,464 - INFO - Making logo plot ./results/fracsurvive/118-median_fracsurvive.pdf...
2019-08-30 11:23:56,987 - INFO - Successfully created logo plot.

2019-08-30 11:23:56,988 - INFO - Successful completion of dms2_logoplot
