2019-08-30 10:59:01,611 - INFO - Beginning execution of dms2_fracsurvive in directory /fh/fast/bloom_j/computational_notebooks/adingens/2019/MAP_118

2019-08-30 10:59:01,611 - INFO - Progress is being logged to ./results/fracsurvive/118-4ug-rep3d.log
2019-08-30 10:59:01,617 - INFO - Version information:
	Time and date: Fri Aug 30 10:59:01 2019
	Platform: Linux-3.13.0-143-generic-x86_64-with-debian-jessie-sid
	Python version: 3.6.7 | packaged by conda-forge | (default, Feb 28 2019, 09:07:38)  [GCC 7.3.0]
	dms_tools2 version: 2.5.1
	Bio version: 1.73
	pandas version: 0.25.1
	numpy version: 1.16.4
	IPython version: 7.6.1
	jupyter version: 1.0.0
	matplotlib version: 3.1.1
	plotnine version: 0.6.0
	natsort version: 6.0.0
	pystan version: 2.16.0.0
	scipy version: 1.2.2
	seaborn version: 0.9.0
	phydmslib version: 2.3.3
	statsmodels version: 0.10.0
	rpy2 version: 2.9.4
	regex version: 2.5.33
	umi_tools version: 1.0.0

2019-08-30 10:59:01,617 - INFO - Parsed the following arguments:
	outdir = ./results/fracsurvive
	ncpus = 2
	use_existing = yes
	indir = ./results/renumberedcounts
	chartype = codon_to_aa
	aboveavg = no
	excludestop = yes
	pseudocount = 5.0
	mincount = 0
	name = 118-4ug-rep3d
	sel = mut-virus-rep3d-118-4ug
	mock = mut-virus-rep3d
	libfracsurvive = 0.005181678
	err = wt-DNA-rep3

2019-08-30 10:59:01,620 - INFO - Reading selected sample counts from mut-virus-rep3d-118-4ug
2019-08-30 10:59:01,641 - INFO - Reading mock-selected sample counts from mut-virus-rep3d
2019-08-30 10:59:01,653 - INFO - Reading error-control sample counts from wt-DNA-rep3
2019-08-30 10:59:01,663 - INFO - Computing fracsurvive for each mutation...
2019-08-30 10:59:11,466 - INFO - Mutations with largest mutfracsurvive:
 site wildtype mutation  mutfracsurvive
  207        K        N            0.05
   65        K        V            0.05
  304        R        E            0.05
  380        G        N            0.05
  318        Y        E            0.04
  119        C        R            0.04
 184d        Q        Y            0.04
  197        N        S            0.04
  304        R        G            0.04
   79        P        A            0.04

2019-08-30 10:59:11,467 - INFO - Writing to ./results/fracsurvive/118-4ug-rep3d_mutfracsurvive.csv
2019-08-30 10:59:11,512 - INFO - Computing sitefracsurvive...
2019-08-30 10:59:11,531 - INFO - Sites with largest avgfracsurvive:
site  avgfracsurvive  maxfracsurvive
 304            0.02            0.05
 207            0.01            0.05
  65            0.01            0.05
 119            0.01            0.04
 316            0.01            0.04
 318            0.01            0.04
 120            0.01            0.02
 240            0.01            0.02
 524            0.01            0.02
 206            0.01            0.03

2019-08-30 10:59:11,531 - INFO - Writing to ./results/fracsurvive/118-4ug-rep3d_sitefracsurvive.csv
2019-08-30 10:59:11,538 - INFO - Successful completion of dms2_fracsurvive
